This is pdfTeX, Version 3.141592653-2.6-1.40.26 (MiKTeX 24.4) (preloaded format=pdflatex 2024.6.24)  29 JUN 2024 00:26
entering extended mode
 restricted \write18 enabled.
 %&-line parsing enabled.
**./main.tex
(main.tex
LaTeX2e <2024-06-01> patch level 1
L3 programming layer <2024-05-27>

(C:\Users\Ahmed\AppData\Local\Programs\MiKTeX\tex/latex/koma-script\scrreprt.cl
s
Document Class: scrreprt 2023/07/07 v3.41 KOMA-Script document class (report)

(C:\Users\Ahmed\AppData\Local\Programs\MiKTeX\tex/latex/koma-script\scrkbase.st
y
Package: scrkbase 2023/07/07 v3.41 KOMA-Script package (KOMA-Script-dependent b
asics and keyval usage)

(C:\Users\Ahmed\AppData\Local\Programs\MiKTeX\tex/latex/koma-script\scrbase.sty
Package: scrbase 2023/07/07 v3.41 KOMA-Script package (KOMA-Script-independent 
basics and keyval usage)

(C:\Users\Ahmed\AppData\Local\Programs\MiKTeX\tex/latex/koma-script\scrlfile.st
y
Package: scrlfile 2023/07/07 v3.41 KOMA-Script package (file load hooks)

(C:\Users\Ahmed\AppData\Local\Programs\MiKTeX\tex/latex/koma-script\scrlfile-ho
ok.sty
Package: scrlfile-hook 2023/07/07 v3.41 KOMA-Script package (using LaTeX hooks)


(C:\Users\Ahmed\AppData\Local\Programs\MiKTeX\tex/latex/koma-script\scrlogo.sty
Package: scrlogo 2023/07/07 v3.41 KOMA-Script package (logo)
))) (C:\Users\Ahmed\AppData\Local\Programs\MiKTeX\tex/latex/graphics\keyval.sty
Package: keyval 2022/05/29 v1.15 key=value parser (DPC)
\KV@toks@=\toks17
)
Applying: [2021/05/01] Usage of raw or classic option list on input line 252.
Already applied: [0000/00/00] Usage of raw or classic option list on input line
 368.
))
(C:\Users\Ahmed\AppData\Local\Programs\MiKTeX\tex/latex/koma-script\tocbasic.st
y
Package: tocbasic 2023/07/07 v3.41 KOMA-Script package (handling toc-files)
\scr@dte@tocline@numberwidth=\skip49
\scr@dte@tocline@numbox=\box52
)
Package tocbasic Info: omitting babel extension for `toc'
(tocbasic)             because of feature `nobabel' available
(tocbasic)             for `toc' on input line 135.
Class scrreprt Info: You've used standard option `openright'.
(scrreprt)           This is correct!
(scrreprt)           Internally I'm using `open=right'.
(scrreprt)           If you'd like to set the option with \KOMAoptions,
(scrreprt)           you'd have to use `open=right' there
(scrreprt)           instead of `openright', too.
Package scrreprt Info: You've used standard option `11pt'.
(scrreprt)             This is correct!
(scrreprt)             Internally I'm using `fontsize=11pt'.
(scrreprt)             If you'd like to set the option with \KOMAoptions,
(scrreprt)             you'd have to use `fontsize=11pt' there
(scrreprt)             instead of `11pt', too.
Class scrreprt Info: File `scrsize11pt.clo' used to setup font sizes on input l
ine 2688.

(C:\Users\Ahmed\AppData\Local\Programs\MiKTeX\tex/latex/koma-script\scrsize11pt
.clo
File: scrsize11pt.clo 2023/07/07 v3.41 KOMA-Script font size class option (11pt
)
)
(C:\Users\Ahmed\AppData\Local\Programs\MiKTeX\tex/latex/koma-script\typearea.st
y
Package: typearea 2023/07/07 v3.41 KOMA-Script package (type area)
\ta@bcor=\skip50
\ta@div=\count194
\ta@hblk=\skip51
\ta@vblk=\skip52
\ta@temp=\skip53
\footheight=\skip54
Package typearea Info: These are the values describing the layout:
(typearea)             DIV  = 10
(typearea)             BCOR = 0.0pt
(typearea)             \paperwidth      = 597.50793pt
(typearea)              \textwidth      = 418.25555pt
(typearea)              DIV departure   = -6%
(typearea)              \evensidemargin = 47.2316pt
(typearea)              \oddsidemargin  = -12.5192pt
(typearea)             \paperheight     = 845.04694pt
(typearea)              \textheight     = 595.80026pt
(typearea)              \topmargin      = -25.16531pt
(typearea)              \headheight     = 17.0pt
(typearea)              \headsep        = 20.40001pt
(typearea)              \topskip        = 11.0pt
(typearea)              \footskip       = 47.6pt
(typearea)              \baselineskip   = 13.6pt
(typearea)              on input line 1799.
)
\c@part=\count195
\c@chapter=\count196
\c@section=\count197
\c@subsection=\count198
\c@subsubsection=\count199
\c@paragraph=\count266
\c@subparagraph=\count267
\scr@dte@chapter@maxnumwidth=\skip55
Class scrreprt Info: using compatibility default `afterindent=bysign'
(scrreprt)           for `\chapter on input line 5994.
\scr@dte@section@maxnumwidth=\skip56
Class scrreprt Info: using compatibility default `runin=bysign'
(scrreprt)           for `\section on input line 6005.
Class scrreprt Info: using compatibility default `afterindent=bysign'
(scrreprt)           for `\section on input line 6005.
\scr@dte@part@maxnumwidth=\skip57
Class scrreprt Info: using compatibility default `afterindent=true'
(scrreprt)           for `\part on input line 6014.
\scr@dte@subsection@maxnumwidth=\skip58
Class scrreprt Info: using compatibility default `runin=bysign'
(scrreprt)           for `\subsection on input line 6024.
Class scrreprt Info: using compatibility default `afterindent=bysign'
(scrreprt)           for `\subsection on input line 6024.
\scr@dte@subsubsection@maxnumwidth=\skip59
Class scrreprt Info: using compatibility default `runin=bysign'
(scrreprt)           for `\subsubsection on input line 6034.
Class scrreprt Info: using compatibility default `afterindent=bysign'
(scrreprt)           for `\subsubsection on input line 6034.
\scr@dte@paragraph@maxnumwidth=\skip60
Class scrreprt Info: using compatibility default `runin=bysign'
(scrreprt)           for `\paragraph on input line 6045.
Class scrreprt Info: using compatibility default `afterindent=bysign'
(scrreprt)           for `\paragraph on input line 6045.
\scr@dte@subparagraph@maxnumwidth=\skip61
Class scrreprt Info: using compatibility default `runin=bysign'
(scrreprt)           for `\subparagraph on input line 6055.
Class scrreprt Info: using compatibility default `afterindent=bysign'
(scrreprt)           for `\subparagraph on input line 6055.
\abovecaptionskip=\skip62
\belowcaptionskip=\skip63
\c@pti@nb@sid@b@x=\box53
Package tocbasic Info: omitting babel extension for `lof'
(tocbasic)             because of feature `nobabel' available
(tocbasic)             for `lof' on input line 7240.
\scr@dte@figure@maxnumwidth=\skip64
\c@figure=\count268
Package tocbasic Info: omitting babel extension for `lot'
(tocbasic)             because of feature `nobabel' available
(tocbasic)             for `lot' on input line 7257.
\scr@dte@table@maxnumwidth=\skip65
\c@table=\count269
Class scrreprt Info: Redefining `\numberline' on input line 7428.
\bibindent=\dimen141
) (settings.tex
(C:\Users\Ahmed\AppData\Local\Programs\MiKTeX\tex/generic/babel\babel.sty
Package: babel 2024/06/02 v24.6 The Babel package
\babel@savecnt=\count270
\U@D=\dimen142
\l@unhyphenated=\language79

(C:\Users\Ahmed\AppData\Local\Programs\MiKTeX\tex/generic/babel\txtbabel.def)
\bbl@readstream=\read2
\bbl@dirlevel=\count271

*************************************
* Local config file bblopts.cfg used
*
(C:\Users\Ahmed\AppData\Local\Programs\MiKTeX\tex/latex/arabi\bblopts.cfg
File: bblopts.cfg 2005/09/08 v0.1 add Arabic and Farsi to "declared" options of
 babel
)
(C:\Users\Ahmed\AppData\Local\Programs\MiKTeX\tex/latex/babel-english\english.l
df
Language: english 2017/06/06 v3.3r English support from the babel system
Package babel Info: Hyphen rules for 'canadian' set to \l@english
(babel)             (\language0). Reported on input line 102.
Package babel Info: Hyphen rules for 'australian' set to \l@ukenglish
(babel)             (\language73). Reported on input line 105.
Package babel Info: Hyphen rules for 'newzealand' set to \l@ukenglish
(babel)             (\language73). Reported on input line 108.
))
(C:\Users\Ahmed\AppData\Local\Programs\MiKTeX\tex/generic/babel/locale/en\babel
-english.tex
Package babel Info: Importing font and identification data for english
(babel)             from babel-en.ini. Reported on input line 11.
) (elysium.sty
Package: elysium 

(C:\Users\Ahmed\AppData\Local\Programs\MiKTeX\tex/latex/xcolor\xcolor.sty
Package: xcolor 2023/11/15 v3.01 LaTeX color extensions (UK)

(C:\Users\Ahmed\AppData\Local\Programs\MiKTeX\tex/latex/graphics-cfg\color.cfg
File: color.cfg 2016/01/02 v1.6 sample color configuration
)
Package xcolor Info: Driver file: pdftex.def on input line 274.

(C:\Users\Ahmed\AppData\Local\Programs\MiKTeX\tex/latex/graphics-def\pdftex.def
File: pdftex.def 2024/04/13 v1.2c Graphics/color driver for pdftex
)
(C:\Users\Ahmed\AppData\Local\Programs\MiKTeX\tex/latex/graphics\mathcolor.ltx)
Package xcolor Info: Model `cmy' substituted by `cmy0' on input line 1350.
Package xcolor Info: Model `hsb' substituted by `rgb' on input line 1354.
Package xcolor Info: Model `RGB' extended on input line 1366.
Package xcolor Info: Model `HTML' substituted by `rgb' on input line 1368.
Package xcolor Info: Model `Hsb' substituted by `hsb' on input line 1369.
Package xcolor Info: Model `tHsb' substituted by `hsb' on input line 1370.
Package xcolor Info: Model `HSB' substituted by `hsb' on input line 1371.
Package xcolor Info: Model `Gray' substituted by `gray' on input line 1372.
Package xcolor Info: Model `wave' substituted by `hsb' on input line 1373.
) (C:\Users\Ahmed\AppData\Local\Programs\MiKTeX\tex/latex/graphics\dvipsnam.def
File: dvipsnam.def 2016/06/17 v3.0m Driver-dependent file (DPC,SPQR)
) (C:\Users\Ahmed\AppData\Local\Programs\MiKTeX\tex/latex/lipsum\lipsum.sty
(C:\Users\Ahmed\AppData\Local\Programs\MiKTeX\tex/latex/l3packages/l3keys2e\l3k
eys2e.sty
(C:\Users\Ahmed\AppData\Local\Programs\MiKTeX\tex/latex/l3kernel\expl3.sty
Package: expl3 2024-05-27 L3 programming layer (loader) 

(C:\Users\Ahmed\AppData\Local\Programs\MiKTeX\tex/latex/l3backend\l3backend-pdf
tex.def
File: l3backend-pdftex.def 2024-05-08 L3 backend support: PDF output (pdfTeX)
\l__color_backend_stack_int=\count272
\l__pdf_internal_box=\box54
))
Package: l3keys2e 2024-05-08 LaTeX2e option processing using LaTeX3 keys
)
Package: lipsum 2021-09-20 v2.7 150 paragraphs of Lorem Ipsum dummy text
\g__lipsum_par_int=\count273
\l__lipsum_a_int=\count274
\l__lipsum_b_int=\count275

(C:\Users\Ahmed\AppData\Local\Programs\MiKTeX\tex/latex/lipsum\lipsum.ltd.tex))
(C:\Users\Ahmed\AppData\Local\Programs\MiKTeX\tex/latex/amsmath\amsmath.sty
Package: amsmath 2024/05/23 v2.17q AMS math features
\@mathmargin=\skip66

For additional information on amsmath, use the `?' option.
(C:\Users\Ahmed\AppData\Local\Programs\MiKTeX\tex/latex/amsmath\amstext.sty
Package: amstext 2021/08/26 v2.01 AMS text

(C:\Users\Ahmed\AppData\Local\Programs\MiKTeX\tex/latex/amsmath\amsgen.sty
File: amsgen.sty 1999/11/30 v2.0 generic functions
\@emptytoks=\toks18
\ex@=\dimen143
))
(C:\Users\Ahmed\AppData\Local\Programs\MiKTeX\tex/latex/amsmath\amsbsy.sty
Package: amsbsy 1999/11/29 v1.2d Bold Symbols
\pmbraise@=\dimen144
)
(C:\Users\Ahmed\AppData\Local\Programs\MiKTeX\tex/latex/amsmath\amsopn.sty
Package: amsopn 2022/04/08 v2.04 operator names
)
\inf@bad=\count276
LaTeX Info: Redefining \frac on input line 233.
\uproot@=\count277
\leftroot@=\count278
LaTeX Info: Redefining \overline on input line 398.
LaTeX Info: Redefining \colon on input line 409.
\classnum@=\count279
\DOTSCASE@=\count280
LaTeX Info: Redefining \ldots on input line 495.
LaTeX Info: Redefining \dots on input line 498.
LaTeX Info: Redefining \cdots on input line 619.
\Mathstrutbox@=\box55
\strutbox@=\box56
LaTeX Info: Redefining \big on input line 721.
LaTeX Info: Redefining \Big on input line 722.
LaTeX Info: Redefining \bigg on input line 723.
LaTeX Info: Redefining \Bigg on input line 724.
\big@size=\dimen145
LaTeX Font Info:    Redeclaring font encoding OML on input line 742.
LaTeX Font Info:    Redeclaring font encoding OMS on input line 743.
\macc@depth=\count281
LaTeX Info: Redefining \bmod on input line 904.
LaTeX Info: Redefining \pmod on input line 909.
LaTeX Info: Redefining \smash on input line 939.
LaTeX Info: Redefining \relbar on input line 969.
LaTeX Info: Redefining \Relbar on input line 970.
\c@MaxMatrixCols=\count282
\dotsspace@=\muskip17
\c@parentequation=\count283
\dspbrk@lvl=\count284
\tag@help=\toks19
\row@=\count285
\column@=\count286
\maxfields@=\count287
\andhelp@=\toks20
\eqnshift@=\dimen146
\alignsep@=\dimen147
\tagshift@=\dimen148
\tagwidth@=\dimen149
\totwidth@=\dimen150
\lineht@=\dimen151
\@envbody=\toks21
\multlinegap=\skip67
\multlinetaggap=\skip68
\mathdisplay@stack=\toks22
LaTeX Info: Redefining \[ on input line 2953.
LaTeX Info: Redefining \] on input line 2954.
)
(C:\Users\Ahmed\AppData\Local\Programs\MiKTeX\tex/latex/graphics\graphicx.sty
Package: graphicx 2021/09/16 v1.2d Enhanced LaTeX Graphics (DPC,SPQR)

(C:\Users\Ahmed\AppData\Local\Programs\MiKTeX\tex/latex/graphics\graphics.sty
Package: graphics 2024/05/23 v1.4g Standard LaTeX Graphics (DPC,SPQR)

(C:\Users\Ahmed\AppData\Local\Programs\MiKTeX\tex/latex/graphics\trig.sty
Package: trig 2023/12/02 v1.11 sin cos tan (DPC)
)
(C:\Users\Ahmed\AppData\Local\Programs\MiKTeX\tex/latex/graphics-cfg\graphics.c
fg
File: graphics.cfg 2016/06/04 v1.11 sample graphics configuration
)
Package graphics Info: Driver file: pdftex.def on input line 106.
)
\Gin@req@height=\dimen152
\Gin@req@width=\dimen153
) (C:\Users\Ahmed\AppData\Local\Programs\MiKTeX\tex/latex/cite\cite.sty
LaTeX Info: Redefining \cite on input line 302.
LaTeX Info: Redefining \nocite on input line 332.
Package: cite 2015/02/27  v 5.5
)
(C:\Users\Ahmed\AppData\Local\Programs\MiKTeX\tex/latex/caption\caption.sty
Package: caption 2023/08/05 v3.6o Customizing captions (AR)

(C:\Users\Ahmed\AppData\Local\Programs\MiKTeX\tex/latex/caption\caption3.sty
Package: caption3 2023/07/31 v2.4d caption3 kernel (AR)
\caption@tempdima=\dimen154
\captionmargin=\dimen155
\caption@leftmargin=\dimen156
\caption@rightmargin=\dimen157
\caption@width=\dimen158
\caption@indent=\dimen159
\caption@parindent=\dimen160
\caption@hangindent=\dimen161
Package caption Info: KOMA-Script document class detected.

(C:\Users\Ahmed\AppData\Local\Programs\MiKTeX\tex/latex/caption\caption-koma.st
o
File: caption-koma.sto 2023/09/08 v2.0e Adaption of the caption package to the 
KOMA-Script document classes (AR)
))
\c@caption@flags=\count288
\c@continuedfloat=\count289
Package caption Info: KOMA-Script scrextend package detected.
\caption@addmargin@hsize=\dimen162
\caption@addmargin@linewidth=\dimen163
)
(C:\Users\Ahmed\AppData\Local\Programs\MiKTeX\tex/latex/caption\subcaption.sty
Package: subcaption 2023/07/28 v1.6b Sub-captions (AR)
Package caption Info: New subtype `subfigure' on input line 238.
\c@subfigure=\count290
Package caption Info: New subtype `subtable' on input line 238.
\c@subtable=\count291
) (C:\Users\Ahmed\AppData\Local\Programs\MiKTeX\tex/latex/float\float.sty
Package: float 2001/11/08 v1.3d Float enhancements (AL)
\c@float@type=\count292
\float@exts=\toks23
\float@box=\box57
\@float@everytoks=\toks24
\@floatcapt=\box58
)
(C:\Users\Ahmed\AppData\Local\Programs\MiKTeX\tex/latex/base\inputenc.sty
Package: inputenc 2024/02/08 v1.3d Input encoding file
\inpenc@prehook=\toks25
\inpenc@posthook=\toks26
)
(C:\Users\Ahmed\AppData\Local\Programs\MiKTeX\tex/latex/placeins\placeins.sty
Package: placeins 2005/04/18  v 2.2
)
(C:\Users\Ahmed\AppData\Local\Programs\MiKTeX\tex/latex/xkeyval\xkeyval.sty
Package: xkeyval 2022/06/16 v2.9 package option processing (HA)

(C:\Users\Ahmed\AppData\Local\Programs\MiKTeX\tex/generic/xkeyval\xkeyval.tex
(C:\Users\Ahmed\AppData\Local\Programs\MiKTeX\tex/generic/xkeyval\xkvutils.tex
\XKV@toks=\toks27
\XKV@tempa@toks=\toks28
)
\XKV@depth=\count293
File: xkeyval.tex 2014/12/03 v2.7a key=value parser (HA)
)) (C:\Users\Ahmed\AppData\Local\Programs\MiKTeX\tex/latex/base\fontenc.sty
Package: fontenc 2021/04/29 v2.0v Standard LaTeX package
)
(C:\Users\Ahmed\AppData\Local\Programs\MiKTeX\tex/latex/tex-gyre\tgheros.sty
Package: tgheros 2009/09/27 v1.2 TeX Gyre Heros as default sans serif family

(C:\Users\Ahmed\AppData\Local\Programs\MiKTeX\tex/latex/kvoptions\kvoptions.sty
Package: kvoptions 2022-06-15 v3.15 Key value format for package options (HO)
(C:\Users\Ahmed\AppData\Local\Programs\MiKTeX\tex/generic/ltxcmds\ltxcmds.sty
Package: ltxcmds 2023-12-04 v1.26 LaTeX kernel commands for general use (HO)
)
(C:\Users\Ahmed\AppData\Local\Programs\MiKTeX\tex/latex/kvsetkeys\kvsetkeys.sty
Package: kvsetkeys 2022-10-05 v1.19 Key value parser (HO)
))) (C:\Users\Ahmed\AppData\Local\Programs\MiKTeX\tex/latex/lm\lmodern.sty
Package: lmodern 2015/05/01 v1.6.1 Latin Modern Fonts
LaTeX Font Info:    Overwriting symbol font `operators' in version `normal'
(Font)                  OT1/cmr/m/n --> OT1/lmr/m/n on input line 22.
LaTeX Font Info:    Overwriting symbol font `letters' in version `normal'
(Font)                  OML/cmm/m/it --> OML/lmm/m/it on input line 23.
LaTeX Font Info:    Overwriting symbol font `symbols' in version `normal'
(Font)                  OMS/cmsy/m/n --> OMS/lmsy/m/n on input line 24.
LaTeX Font Info:    Overwriting symbol font `largesymbols' in version `normal'
(Font)                  OMX/cmex/m/n --> OMX/lmex/m/n on input line 25.
LaTeX Font Info:    Overwriting symbol font `operators' in version `bold'
(Font)                  OT1/cmr/bx/n --> OT1/lmr/bx/n on input line 26.
LaTeX Font Info:    Overwriting symbol font `letters' in version `bold'
(Font)                  OML/cmm/b/it --> OML/lmm/b/it on input line 27.
LaTeX Font Info:    Overwriting symbol font `symbols' in version `bold'
(Font)                  OMS/cmsy/b/n --> OMS/lmsy/b/n on input line 28.
LaTeX Font Info:    Overwriting symbol font `largesymbols' in version `bold'
(Font)                  OMX/cmex/m/n --> OMX/lmex/m/n on input line 29.
LaTeX Font Info:    Overwriting math alphabet `\mathbf' in version `normal'
(Font)                  OT1/cmr/bx/n --> OT1/lmr/bx/n on input line 31.
LaTeX Font Info:    Overwriting math alphabet `\mathsf' in version `normal'
(Font)                  OT1/cmss/m/n --> OT1/lmss/m/n on input line 32.
LaTeX Font Info:    Overwriting math alphabet `\mathit' in version `normal'
(Font)                  OT1/cmr/m/it --> OT1/lmr/m/it on input line 33.
LaTeX Font Info:    Overwriting math alphabet `\mathtt' in version `normal'
(Font)                  OT1/cmtt/m/n --> OT1/lmtt/m/n on input line 34.
LaTeX Font Info:    Overwriting math alphabet `\mathbf' in version `bold'
(Font)                  OT1/cmr/bx/n --> OT1/lmr/bx/n on input line 35.
LaTeX Font Info:    Overwriting math alphabet `\mathsf' in version `bold'
(Font)                  OT1/cmss/bx/n --> OT1/lmss/bx/n on input line 36.
LaTeX Font Info:    Overwriting math alphabet `\mathit' in version `bold'
(Font)                  OT1/cmr/bx/it --> OT1/lmr/bx/it on input line 37.
LaTeX Font Info:    Overwriting math alphabet `\mathtt' in version `bold'
(Font)                  OT1/cmtt/m/n --> OT1/lmtt/m/n on input line 38.
)
(C:\Users\Ahmed\AppData\Local\Programs\MiKTeX\tex/latex/psnfss\charter.sty
Package: charter 2020/03/25 PSNFSS-v9.3 (P.Dyballa) 
)
(C:\Users\Ahmed\AppData\Local\Programs\MiKTeX\tex/latex/tools\tabularx.sty
Package: tabularx 2023/12/11 v2.12a `tabularx' package (DPC)

(C:\Users\Ahmed\AppData\Local\Programs\MiKTeX\tex/latex/tools\array.sty
Package: array 2024/06/14 v2.6d Tabular extension package (FMi)
\col@sep=\dimen164
\ar@mcellbox=\box59
\extrarowheight=\dimen165
\NC@list=\toks29
\extratabsurround=\skip69
\backup@length=\skip70
\ar@cellbox=\box60
)
\TX@col@width=\dimen166
\TX@old@table=\dimen167
\TX@old@col=\dimen168
\TX@target=\dimen169
\TX@delta=\dimen170
\TX@cols=\count294
\TX@ftn=\toks30
)
(C:\Users\Ahmed\AppData\Local\Programs\MiKTeX\tex/latex/microtype\microtype.sty
Package: microtype 2024/03/29 v3.1b Micro-typographical refinements (RS)
(C:\Users\Ahmed\AppData\Local\Programs\MiKTeX\tex/latex/etoolbox\etoolbox.sty
Package: etoolbox 2020/10/05 v2.5k e-TeX tools for LaTeX (JAW)
\etb@tempcnta=\count295
)
\MT@toks=\toks31
\MT@tempbox=\box61
\MT@count=\count296
LaTeX Info: Redefining \noprotrusionifhmode on input line 1061.
LaTeX Info: Redefining \leftprotrusion on input line 1062.
\MT@prot@toks=\toks32
LaTeX Info: Redefining \rightprotrusion on input line 1081.
LaTeX Info: Redefining \textls on input line 1392.
\MT@outer@kern=\dimen171
LaTeX Info: Redefining \textmicrotypecontext on input line 2013.
\MT@listname@count=\count297

(C:\Users\Ahmed\AppData\Local\Programs\MiKTeX\tex/latex/microtype\microtype-pdf
tex.def
File: microtype-pdftex.def 2024/03/29 v3.1b Definitions specific to pdftex (RS)

LaTeX Info: Redefining \lsstyle on input line 902.
LaTeX Info: Redefining \lslig on input line 902.
\MT@outer@space=\skip71
)
Package microtype Info: Loading configuration file microtype.cfg.

(C:\Users\Ahmed\AppData\Local\Programs\MiKTeX\tex/latex/microtype\microtype.cfg
File: microtype.cfg 2024/03/29 v3.1b microtype main configuration file (RS)
)) (C:\Users\Ahmed\AppData\Local\Programs\MiKTeX\tex/latex/base\textcomp.sty
Package: textcomp 2024/04/24 v2.1b Standard LaTeX package
)
(C:\Users\Ahmed\AppData\Local\Programs\MiKTeX\tex/latex/tools\calc.sty
Package: calc 2023/07/08 v4.3 Infix arithmetic (KKT,FJ)
\calc@Acount=\count298
\calc@Bcount=\count299
\calc@Adimen=\dimen172
\calc@Bdimen=\dimen173
\calc@Askip=\skip72
\calc@Bskip=\skip73
LaTeX Info: Redefining \setlength on input line 80.
LaTeX Info: Redefining \addtolength on input line 81.
\calc@Ccount=\count300
\calc@Cskip=\skip74
)
(C:\Users\Ahmed\AppData\Local\Programs\MiKTeX\tex/latex/koma-script\scrlayer-sc
rpage.sty
Package: scrlayer-scrpage 2023/07/07 v3.41 KOMA-Script package (end user interf
ace for scrlayer)

(C:\Users\Ahmed\AppData\Local\Programs\MiKTeX\tex/latex/koma-script\scrlayer.st
y
Package: scrlayer 2023/07/07 v3.41 KOMA-Script package (defining layers and pag
e styles)
Package scrlayer Info: patching LaTeX kernel macro \pagestyle on input line 218
3.
)
Package scrlayer-scrpage Info: Makeing stand-alone element `pagehead' from
(scrlayer-scrpage)             alias to `pageheadfoot' on input line 1106.
)
1: section
1: chapter
1: chapter
1: section
(C:\Users\Ahmed\AppData\Local\Programs\MiKTeX\tex/latex/booktabs\booktabs.sty
Package: booktabs 2020/01/12 v1.61803398 Publication quality tables
\heavyrulewidth=\dimen174
\lightrulewidth=\dimen175
\cmidrulewidth=\dimen176
\belowrulesep=\dimen177
\belowbottomsep=\dimen178
\aboverulesep=\dimen179
\abovetopsep=\dimen180
\cmidrulesep=\dimen181
\cmidrulekern=\dimen182
\defaultaddspace=\dimen183
\@cmidla=\count301
\@cmidlb=\count302
\@aboverulesep=\dimen184
\@belowrulesep=\dimen185
\@thisruleclass=\count303
\@lastruleclass=\count304
\@thisrulewidth=\dimen186
)
(C:\Users\Ahmed\AppData\Local\Programs\MiKTeX\tex/latex/tools\longtable.sty
Package: longtable 2024-04-26 v4.20 Multi-page Table package (DPC)
\LTleft=\skip75
\LTright=\skip76
\LTpre=\skip77
\LTpost=\skip78
\LTchunksize=\count305
\LTcapwidth=\dimen187
\LT@head=\box62
\LT@firsthead=\box63
\LT@foot=\box64
\LT@lastfoot=\box65
\LT@gbox=\box66
\LT@cols=\count306
\LT@rows=\count307
\c@LT@tables=\count308
\c@LT@chunks=\count309
\LT@p@ftn=\toks33
)
Class scrreprt Info: longtable captions redefined on input line 88.

(C:\Users\Ahmed\AppData\Local\Programs\MiKTeX\tex/latex/multirow\multirow.sty
Package: multirow 2021/03/15 v2.8 Span multiple rows of a table
\multirow@colwidth=\skip79
\multirow@cntb=\count310
\multirow@dima=\skip80
\bigstrutjot=\dimen188
)
(C:\Users\Ahmed\AppData\Local\Programs\MiKTeX\tex/latex/listings\listings.sty
\lst@mode=\count311
\lst@gtempboxa=\box67
\lst@token=\toks34
\lst@length=\count312
\lst@currlwidth=\dimen189
\lst@column=\count313
\lst@pos=\count314
\lst@lostspace=\dimen190
\lst@width=\dimen191
\lst@newlines=\count315
\lst@lineno=\count316
\lst@maxwidth=\dimen192

(C:\Users\Ahmed\AppData\Local\Programs\MiKTeX\tex/latex/listings\lstpatch.sty
File: lstpatch.sty 2024/05/25 1.10b (Carsten Heinz)
)
(C:\Users\Ahmed\AppData\Local\Programs\MiKTeX\tex/latex/listings\lstmisc.sty
File: lstmisc.sty 2024/05/25 1.10b (Carsten Heinz)
\c@lstnumber=\count317
\lst@skipnumbers=\count318
\lst@framebox=\box68
)
(C:\Users\Ahmed\AppData\Local\Programs\MiKTeX\tex/latex/listings\listings.cfg
File: listings.cfg 2024/05/25 1.10b listings configuration
))
Package: listings 2024/05/25 1.10b (Carsten Heinz)
(00-CodeStyle/CodeStyleMatlab.tex) (00-CodeStyle/CodeStyleC.tex)
(00-CodeStyle/CodeStyleCpp.tex) (00-CodeStyle/CodeStylePython.tex)
(00-CodeStyle/CodeStyleBash.tex) (00-CodeStyle/CodeStyleJSON.tex)
(00-CodeStyle/CodeStyleJavaScript.tex) (00-CodeStyle/CodeStylePHP.tex)
(00-CodeStyle/CodeStyleXML.tex)
(C:\Users\Ahmed\AppData\Local\Programs\MiKTeX\tex/latex/footmisc\footmisc.sty
Package: footmisc 2023/07/05 v6.0f a miscellany of footnote facilities
\FN@temptoken=\toks35
\footnotemargin=\dimen193
\@outputbox@depth=\dimen194
Package footmisc Info: Declaring symbol style bringhurst on input line 696.
Package footmisc Info: Declaring symbol style chicago on input line 704.
Package footmisc Info: Declaring symbol style wiley on input line 713.
Package footmisc Info: Declaring symbol style lamport-robust on input line 724.

Package footmisc Info: Declaring symbol style lamport* on input line 744.
Package footmisc Info: Declaring symbol style lamport*-robust on input line 765
.
)
(C:\Users\Ahmed\AppData\Local\Programs\MiKTeX\tex/latex/hyperref\hyperref.sty
Package: hyperref 2024-05-23 v7.01i Hypertext links for LaTeX

(C:\Users\Ahmed\AppData\Local\Programs\MiKTeX\tex/generic/iftex\iftex.sty
Package: iftex 2022/02/03 v1.0f TeX engine tests
)
(C:\Users\Ahmed\AppData\Local\Programs\MiKTeX\tex/generic/kvdefinekeys\kvdefine
keys.sty
Package: kvdefinekeys 2019-12-19 v1.6 Define keys (HO)
)
(C:\Users\Ahmed\AppData\Local\Programs\MiKTeX\tex/generic/pdfescape\pdfescape.s
ty
Package: pdfescape 2019/12/09 v1.15 Implements pdfTeX's escape features (HO)

(C:\Users\Ahmed\AppData\Local\Programs\MiKTeX\tex/generic/pdftexcmds\pdftexcmds
.sty
Package: pdftexcmds 2020-06-27 v0.33 Utility functions of pdfTeX for LuaTeX (HO
)

(C:\Users\Ahmed\AppData\Local\Programs\MiKTeX\tex/generic/infwarerr\infwarerr.s
ty
Package: infwarerr 2019/12/03 v1.5 Providing info/warning/error messages (HO)
)
Package pdftexcmds Info: \pdf@primitive is available.
Package pdftexcmds Info: \pdf@ifprimitive is available.
Package pdftexcmds Info: \pdfdraftmode found.
))
(C:\Users\Ahmed\AppData\Local\Programs\MiKTeX\tex/latex/hycolor\hycolor.sty
Package: hycolor 2020-01-27 v1.10 Color options for hyperref/bookmark (HO)
)
(C:\Users\Ahmed\AppData\Local\Programs\MiKTeX\tex/latex/hyperref\nameref.sty
Package: nameref 2023-11-26 v2.56 Cross-referencing by name of section

(C:\Users\Ahmed\AppData\Local\Programs\MiKTeX\tex/latex/refcount\refcount.sty
Package: refcount 2019/12/15 v3.6 Data extraction from label references (HO)
)
(C:\Users\Ahmed\AppData\Local\Programs\MiKTeX\tex/generic/gettitlestring\gettit
lestring.sty
Package: gettitlestring 2019/12/15 v1.6 Cleanup title references (HO)
)
\c@section@level=\count319
)
(C:\Users\Ahmed\AppData\Local\Programs\MiKTeX\tex/generic/stringenc\stringenc.s
ty
Package: stringenc 2019/11/29 v1.12 Convert strings between diff. encodings (HO
)
)
\@linkdim=\dimen195
\Hy@linkcounter=\count320
\Hy@pagecounter=\count321
 (C:\Users\Ahmed\AppData\Local\Programs\MiKTeX\tex/latex/hyperref\pd1enc.def
File: pd1enc.def 2024-05-23 v7.01i Hyperref: PDFDocEncoding definition (HO)
Now handling font encoding PD1 ...
... no UTF-8 mapping file for font encoding PD1
) (C:\Users\Ahmed\AppData\Local\Programs\MiKTeX\tex/generic/intcalc\intcalc.sty
Package: intcalc 2019/12/15 v1.3 Expandable calculations with integers (HO)
)
\Hy@SavedSpaceFactor=\count322
 (C:\Users\Ahmed\AppData\Local\Programs\MiKTeX\tex/latex/hyperref\puenc.def
File: puenc.def 2024-05-23 v7.01i Hyperref: PDF Unicode definition (HO)
Now handling font encoding PU ...
... no UTF-8 mapping file for font encoding PU
)
Package hyperref Info: Option `draft' set `false' on input line 4040.
Package hyperref Info: Hyper figures OFF on input line 4157.
Package hyperref Info: Link nesting OFF on input line 4162.
Package hyperref Info: Hyper index ON on input line 4165.
Package hyperref Info: Plain pages OFF on input line 4172.
Package hyperref Info: Backreferencing OFF on input line 4177.
Package hyperref Info: Implicit mode ON; LaTeX internals redefined.
Package hyperref Info: Bookmarks ON on input line 4424.
\c@Hy@tempcnt=\count323

(C:\Users\Ahmed\AppData\Local\Programs\MiKTeX\tex/latex/url\url.sty
\Urlmuskip=\muskip18
Package: url 2013/09/16  ver 3.4  Verb mode for urls, etc.
)
LaTeX Info: Redefining \url on input line 4763.
\XeTeXLinkMargin=\dimen196

(C:\Users\Ahmed\AppData\Local\Programs\MiKTeX\tex/generic/bitset\bitset.sty
Package: bitset 2019/12/09 v1.3 Handle bit-vector datatype (HO)

(C:\Users\Ahmed\AppData\Local\Programs\MiKTeX\tex/generic/bigintcalc\bigintcalc
.sty
Package: bigintcalc 2019/12/15 v1.5 Expandable calculations on big integers (HO
)
))
\Fld@menulength=\count324
\Field@Width=\dimen197
\Fld@charsize=\dimen198
Package hyperref Info: Hyper figures OFF on input line 6042.
Package hyperref Info: Link nesting OFF on input line 6047.
Package hyperref Info: Hyper index ON on input line 6050.
Package hyperref Info: backreferencing OFF on input line 6057.
Package hyperref Info: Link coloring OFF on input line 6062.
Package hyperref Info: Link coloring with OCG OFF on input line 6067.
Package hyperref Info: PDF/A mode OFF on input line 6072.

(C:\Users\Ahmed\AppData\Local\Programs\MiKTeX\tex/latex/base\atbegshi-ltx.sty
Package: atbegshi-ltx 2021/01/10 v1.0c Emulation of the original atbegshi
package with kernel methods
)
\Hy@abspage=\count325
\c@Item=\count326
\c@Hfootnote=\count327
)
Package hyperref Info: Driver (autodetected): hpdftex.
(C:\Users\Ahmed\AppData\Local\Programs\MiKTeX\tex/latex/hyperref\hpdftex.def
File: hpdftex.def 2024-05-23 v7.01i Hyperref driver for pdfTeX

(C:\Users\Ahmed\AppData\Local\Programs\MiKTeX\tex/latex/base\atveryend-ltx.sty
Package: atveryend-ltx 2020/08/19 v1.0a Emulation of the original atveryend pac
kage
with kernel methods
)
\Fld@listcount=\count328
\c@bookmark@seq@number=\count329

(C:\Users\Ahmed\AppData\Local\Programs\MiKTeX\tex/latex/rerunfilecheck\rerunfil
echeck.sty
Package: rerunfilecheck 2022-07-10 v1.10 Rerun checks for auxiliary files (HO)

(C:\Users\Ahmed\AppData\Local\Programs\MiKTeX\tex/generic/uniquecounter\uniquec
ounter.sty
Package: uniquecounter 2019/12/15 v1.4 Provide unlimited unique counter (HO)
)
Package uniquecounter Info: New unique counter `rerunfilecheck' on input line 2
85.
)
\Hy@SectionHShift=\skip81
)
Package hyperref Info: Option `colorlinks' set `true' on input line 137.

(C:\Users\Ahmed\AppData\Local\Programs\MiKTeX\tex/latex/footnotebackref\footnot
ebackref.sty
Package: footnotebackref 2012/07/01 v1.0 Backreferences for footnotes (Holger L
ange)

(C:\Users\Ahmed\AppData\Local\Programs\MiKTeX\tex/latex/letltxmacro\letltxmacro
.sty
Package: letltxmacro 2019/12/03 v1.6 Let assignment for LaTeX macros (HO)
)
\c@BackrefHyperFootnoteCounter=\count330
)
(C:\Users\Ahmed\AppData\Local\Programs\MiKTeX\tex/latex/setspace\setspace.sty
Package: setspace 2022/12/04 v6.7b set line spacing
)
(C:\Users\Ahmed\AppData\Local\Programs\MiKTeX\tex/latex/base\fontenc.sty
Package: fontenc 2021/04/29 v2.0v Standard LaTeX package
LaTeX Font Info:    Trying to load font information for T1+bch on input line 11
6.

(C:\Users\Ahmed\AppData\Local\Programs\MiKTeX\tex/latex/psnfss\t1bch.fd
File: t1bch.fd 2004/10/18 font definitions for T1/bch.
))
(C:\Users\Ahmed\AppData\Local\Programs\MiKTeX\tex/latex/newpx\newpxtext.sty
Package: newpxtext 2024/02/09 v1.536(Michael Sharpe) latex and unicode latex su
pport for TeXGyrePagellaX

`newpxtext' v1.536, 2024/02/09 Text macros taking advantage of TeXGyre Pagella 
and its extensions (msharpe)
(C:\Users\Ahmed\AppData\Local\Programs\MiKTeX\tex/latex/base\fontenc.sty
Package: fontenc 2021/04/29 v2.0v Standard LaTeX package
)
(C:\Users\Ahmed\AppData\Local\Programs\MiKTeX\tex/latex/xpatch\xpatch.sty
Package: xpatch 2020/03/25 v0.3a Extending etoolbox patching commands

(C:\Users\Ahmed\AppData\Local\Programs\MiKTeX\tex/latex/l3packages/xparse\xpars
e.sty
Package: xparse 2024-05-08 L3 Experimental document command parser
))
(C:\Users\Ahmed\AppData\Local\Programs\MiKTeX\tex/latex/xstring\xstring.sty
(C:\Users\Ahmed\AppData\Local\Programs\MiKTeX\tex/generic/xstring\xstring.tex
\xs_counta=\count331
\xs_countb=\count332
)
Package: xstring 2023/08/22 v1.86 String manipulations (CT)
) (C:\Users\Ahmed\AppData\Local\Programs\MiKTeX\tex/latex/base\ifthen.sty
Package: ifthen 2024/03/16 v1.1e Standard LaTeX ifthen package (DPC)
)
(C:\Users\Ahmed\AppData\Local\Programs\MiKTeX\tex/latex/carlisle\scalefnt.sty)
LaTeX Font Info:    Setting zplLF sub-encoding to TS1/0 on input line 26.
LaTeX Font Info:    Setting zplTLF sub-encoding to TS1/0 on input line 26.
LaTeX Font Info:    Setting zplOsF sub-encoding to TS1/0 on input line 26.
LaTeX Font Info:    Setting zplTOsF sub-encoding to TS1/0 on input line 26.
\zpl@cnt=\count333

(C:\Users\Ahmed\AppData\Local\Programs\MiKTeX\tex/latex/fontaxes\fontaxes.sty
Package: fontaxes 2020/07/21 v1.0e Font selection axes
LaTeX Info: Redefining \upshape on input line 29.
LaTeX Info: Redefining \itshape on input line 31.
LaTeX Info: Redefining \slshape on input line 33.
LaTeX Info: Redefining \swshape on input line 35.
LaTeX Info: Redefining \scshape on input line 37.
LaTeX Info: Redefining \sscshape on input line 39.
LaTeX Info: Redefining \ulcshape on input line 41.
LaTeX Info: Redefining \textsw on input line 47.
LaTeX Info: Redefining \textssc on input line 48.
LaTeX Info: Redefining \textulc on input line 49.
)
\zpl@sixem=\dimen199
\zpl@y=\dimen256
\zpl@x=\dimen257
\zpl@tmpdima=\dimen258
\zpl@tmpdimb=\dimen259
\zpl@tmpdimc=\dimen260
\zpl@tmpdimd=\dimen261
\zpl@tmpdime=\dimen262
\zpl@tmpdimf=\dimen263
\zpl@dimA=\dimen264
\zpl@dimAA=\dimen265
\zpl@dimB=\dimen266
\zpl@dimBB=\dimen267
\zpl@dimC=\dimen268
LaTeX Info: Redefining \oldstylenums on input line 789.
LaTeX Font Info:    Trying to load font information for T1+zplLF on input line 
798.

(C:\Users\Ahmed\AppData\Local\Programs\MiKTeX\tex/latex/newpx\t1zpllf.fd
File: t1zpllf.fd 2021/05/25 v1.0 font definition file for T1/zpl/lf
)
LaTeX Font Info:    Trying to load font information for T1+zplTLF on input line
 799.

(C:\Users\Ahmed\AppData\Local\Programs\MiKTeX\tex/latex/newpx\t1zpltlf.fd
File: t1zpltlf.fd 2021/05/25 v1.0 font definition file for T1/zpl/tlf
)
LaTeX Font Info:    Trying to load font information for T1+zplOsF on input line
 800.

(C:\Users\Ahmed\AppData\Local\Programs\MiKTeX\tex/latex/newpx\t1zplosf.fd
File: t1zplosf.fd 2021/05/25 v1.0 font definition file for T1/zpl/osf
)
LaTeX Font Info:    Trying to load font information for T1+zplTOsF on input lin
e 801.

(C:\Users\Ahmed\AppData\Local\Programs\MiKTeX\tex/latex/newpx\t1zpltosf.fd
File: t1zpltosf.fd 2021/05/25 v1.0 font definition file for T1/zpl/tosf
))
(C:\Users\Ahmed\AppData\Local\Programs\MiKTeX\tex/latex/newpx\newpxmath.sty
Package: newpxmath 2023/11/08 v1.533

`newpxmath' v1.533, 2023/11/08 Math macros based on pxfonts (msharpe)
(C:\Users\Ahmed\AppData\Local\Programs\MiKTeX\tex/generic/binhex\binhex.tex)
(C:\Users\Ahmed\AppData\Local\Programs\MiKTeX\tex/latex/oberdiek\centernot.sty
Package: centernot 2016/05/16 v1.4 Centers the not symbol horizontally (HO)
)
\px@tA=\toks36
\px@tB=\toks37
\px@su=\read3
\px@Isdigit=\count334
amsthm NOT loaded
LaTeX Font Info:    Redeclaring symbol font `operators' on input line 222.
LaTeX Font Info:    Overwriting symbol font `operators' in version `normal'
(Font)                  OT1/lmr/m/n --> OT1/zpltlf/m/n on input line 222.
LaTeX Font Info:    Overwriting symbol font `operators' in version `bold'
(Font)                  OT1/lmr/bx/n --> OT1/zpltlf/m/n on input line 222.
LaTeX Font Info:    Overwriting symbol font `operators' in version `bold'
(Font)                  OT1/zpltlf/m/n --> OT1/zpltlf/b/n on input line 223.
LaTeX Font Info:    Redeclaring math alphabet \mathsf on input line 226.
LaTeX Font Info:    Overwriting math alphabet `\mathsf' in version `normal'
(Font)                  OT1/lmss/m/n --> T1/lmss/m/n on input line 226.
LaTeX Font Info:    Overwriting math alphabet `\mathsf' in version `bold'
(Font)                  OT1/lmss/bx/n --> T1/lmss/m/n on input line 226.
LaTeX Font Info:    Redeclaring math alphabet \mathit on input line 227.
LaTeX Font Info:    Overwriting math alphabet `\mathit' in version `normal'
(Font)                  OT1/lmr/m/it --> OT1/zpltlf/m/it on input line 227.
LaTeX Font Info:    Overwriting math alphabet `\mathit' in version `bold'
(Font)                  OT1/lmr/bx/it --> OT1/zpltlf/m/it on input line 227.
LaTeX Font Info:    Redeclaring math alphabet \mathtt on input line 228.
LaTeX Font Info:    Overwriting math alphabet `\mathtt' in version `normal'
(Font)                  OT1/lmtt/m/n --> T1/lmtt/m/n on input line 228.
LaTeX Font Info:    Overwriting math alphabet `\mathtt' in version `bold'
(Font)                  OT1/lmtt/m/n --> T1/lmtt/m/n on input line 228.
LaTeX Font Info:    Redeclaring math alphabet \mathbf on input line 230.
LaTeX Font Info:    Overwriting math alphabet `\mathbf' in version `normal'
(Font)                  OT1/lmr/bx/n --> OT1/zpltlf/b/n on input line 230.
LaTeX Font Info:    Overwriting math alphabet `\mathbf' in version `bold'
(Font)                  OT1/lmr/bx/n --> OT1/zpltlf/b/n on input line 230.
LaTeX Font Info:    Overwriting math alphabet `\mathit' in version `bold'
(Font)                  OT1/zpltlf/m/it --> OT1/zpltlf/b/it on input line 231.
LaTeX Font Info:    Overwriting math alphabet `\mathsf' in version `bold'
(Font)                  T1/lmss/m/n --> T1/lmss/b/n on input line 233.
LaTeX Font Info:    Overwriting math alphabet `\mathtt' in version `bold'
(Font)                  T1/lmtt/m/n --> T1/lmtt/b/n on input line 234.
LaTeX Font Info:    Redeclaring symbol font `letters' on input line 245.
LaTeX Font Info:    Overwriting symbol font `letters' in version `normal'
(Font)                  OML/lmm/m/it --> OML/npxmi/m/it on input line 245.
LaTeX Font Info:    Overwriting symbol font `letters' in version `bold'
(Font)                  OML/lmm/b/it --> OML/npxmi/m/it on input line 245.
LaTeX Font Info:    Overwriting symbol font `letters' in version `bold'
(Font)                  OML/npxmi/m/it --> OML/npxmi/b/it on input line 246.
\symlettersA=\mathgroup4
LaTeX Font Info:    Overwriting symbol font `lettersA' in version `bold'
(Font)                  U/npxmia/m/it --> U/npxmia/b/it on input line 264.
Now handling font encoding LMS ...
... no UTF-8 mapping file for font encoding LMS
LaTeX Font Info:    Redeclaring symbol font `symbols' on input line 274.
LaTeX Font Info:    Encoding `OMS' has changed to `LMS' for symbol font
(Font)              `symbols' in the math version `normal' on input line 274.
LaTeX Font Info:    Overwriting symbol font `symbols' in version `normal'
(Font)                  OMS/lmsy/m/n --> LMS/npxsy/m/n on input line 274.
LaTeX Font Info:    Encoding `OMS' has changed to `LMS' for symbol font
(Font)              `symbols' in the math version `bold' on input line 274.
LaTeX Font Info:    Overwriting symbol font `symbols' in version `bold'
(Font)                  OMS/lmsy/b/n --> LMS/npxsy/m/n on input line 274.
LaTeX Font Info:    Overwriting symbol font `symbols' in version `bold'
(Font)                  LMS/npxsy/m/n --> LMS/npxsy/b/n on input line 275.
\symAMSm=\mathgroup5
LaTeX Font Info:    Overwriting symbol font `AMSm' in version `bold'
(Font)                  U/npxsym/m/n --> U/npxsym/b/n on input line 295.
\symsymbolsC=\mathgroup6
LaTeX Font Info:    Overwriting symbol font `symbolsC' in version `bold'
(Font)                  U/npxsyc/m/n --> U/npxsyc/b/n on input line 317.
Now handling font encoding LMX ...
... no UTF-8 mapping file for font encoding LMX
LaTeX Font Info:    Redeclaring symbol font `largesymbols' on input line 337.
LaTeX Font Info:    Encoding `OMX' has changed to `LMX' for symbol font
(Font)              `largesymbols' in the math version `normal' on input line 3
37.
LaTeX Font Info:    Overwriting symbol font `largesymbols' in version `normal'
(Font)                  OMX/lmex/m/n --> LMX/npxexx/m/n on input line 337.
LaTeX Font Info:    Encoding `OMX' has changed to `LMX' for symbol font
(Font)              `largesymbols' in the math version `bold' on input line 337
.
LaTeX Font Info:    Overwriting symbol font `largesymbols' in version `bold'
(Font)                  OMX/lmex/m/n --> LMX/npxexx/m/n on input line 337.
LaTeX Font Info:    Overwriting symbol font `largesymbols' in version `bold'
(Font)                  LMX/npxexx/m/n --> LMX/npxexx/b/n on input line 338.
\symlargesymbolsPXA=\mathgroup7
LaTeX Font Info:    Overwriting symbol font `largesymbolsPXA' in version `bold'

(Font)                  U/npxexa/m/n --> U/npxexa/b/n on input line 345.
\px@cntz=\count335
\px@IsAlNum=\count336
\px@sbptoks=\toks38
LaTeX Font Info:    Redeclaring math delimiter \lfloor on input line 500.
LaTeX Font Info:    Redeclaring math delimiter \rfloor on input line 501.
LaTeX Font Info:    Redeclaring math delimiter \lceil on input line 502.
LaTeX Font Info:    Redeclaring math delimiter \rceil on input line 503.
LaTeX Font Info:    Redeclaring math delimiter \lbrace on input line 508.
LaTeX Font Info:    Redeclaring math delimiter \rbrace on input line 509.
LaTeX Font Info:    Redeclaring math delimiter \langle on input line 511.
LaTeX Font Info:    Redeclaring math delimiter \rangle on input line 513.
LaTeX Font Info:    Redeclaring math delimiter \arrowvert on input line 517.
LaTeX Font Info:    Redeclaring math delimiter \vert on input line 518.
LaTeX Font Info:    Redeclaring math symbol \parallel on input line 519.
LaTeX Font Info:    Redeclaring math delimiter \Arrowvert on input line 520.
LaTeX Font Info:    Redeclaring math symbol \hbar on input line 546.
LaTeX Font Info:    Redeclaring math accent \grave on input line 560.
LaTeX Font Info:    Redeclaring math accent \acute on input line 561.
LaTeX Font Info:    Redeclaring math accent \hat on input line 562.
LaTeX Font Info:    Redeclaring math accent \tilde on input line 563.
LaTeX Font Info:    Redeclaring math accent \bar on input line 564.
LaTeX Font Info:    Redeclaring math accent \breve on input line 565.
LaTeX Font Info:    Redeclaring math accent \mathring on input line 566.
LaTeX Font Info:    Redeclaring math accent \check on input line 567.
LaTeX Font Info:    Redeclaring math accent \dot on input line 571.
LaTeX Font Info:    Redeclaring math accent \ddot on input line 572.
LaTeX Font Info:    Redeclaring math accent \vec on input line 1617.
LaTeX Info: Redefining \Bbbk on input line 2194.
LaTeX Info: Redefining \not on input line 2476.
)
LaTeX Font Info:    Font shape `T1/zpltlf/m/n' will be
(Font)              scaled to size 10.95pt on input line 373.
Package typearea Info: These are the values describing the layout:
(typearea)             DIV  = 10
(typearea)             BCOR = 71.13188pt
(typearea)             \paperwidth      = 597.50793pt
(typearea)              \textwidth      = 368.46324pt
(typearea)              DIV departure   = 2%
(typearea)              \evensidemargin = 33.00522pt
(typearea)              \oddsidemargin  = 51.4995pt
(typearea)             \paperheight     = 845.04694pt
(typearea)              \textheight     = 604.88354pt
(typearea)              \topmargin      = -33.13141pt
(typearea)              \headheight     = 20.62096pt
(typearea)              \headsep        = 24.74515pt
(typearea)              \topskip        = 11.0pt
(typearea)              \footskip       = 71.76102pt
(typearea)              \baselineskip   = 16.49677pt
(typearea)              on input line 373.
Package typearea Info: These are the values describing the layout:
(typearea)             DIV  = 12
(typearea)             BCOR = 71.13188pt
(typearea)             \paperwidth      = 597.50793pt
(typearea)              \textwidth      = 394.78204pt
(typearea)              DIV departure   = 0%
(typearea)              \evensidemargin = 15.45935pt
(typearea)              \oddsidemargin  = 42.72656pt
(typearea)             \paperheight     = 845.04694pt
(typearea)              \textheight     = 637.87708pt
(typearea)              \topmargin      = -47.21552pt
(typearea)              \headheight     = 20.62096pt
(typearea)              \headsep        = 24.74515pt
(typearea)              \topskip        = 11.0pt
(typearea)              \footskip       = 71.76102pt
(typearea)              \baselineskip   = 16.49677pt
(typearea)              on input line 374.

1: section
1: chapter
1: chapter
1: section
)
(C:\Users\Ahmed\AppData\Local\Programs\MiKTeX\tex/latex/koma-script\scrhack.sty
Package: scrhack 2023/07/07 v3.41 KOMA-Script package (hacking other packages)
Package scrhack Info: hyperref hack deactivated because of
(scrhack)             detection of hyperref version, that doesn't
(scrhack)             need that hack, on input line 162.
Package scrhack Info: loading float hack on input line 178.
(C:\Users\Ahmed\AppData\Local\Programs\MiKTeX\tex/latex/koma-script\float.hak
File: float.hak 2023/07/07 v3.41 KOMA-Script scrhack part (hacking package floa
t)
Package scrhack Info: redefining \newfloat on input line 163.
Package scrhack Info: redefining \listof on input line 163.
Package scrhack Info: undefining \float@addtolists on input line 163.
)
Package scrhack Info: loading listings hack on input line 185.

(C:\Users\Ahmed\AppData\Local\Programs\MiKTeX\tex/latex/koma-script\listings.ha
k
File: listings.hak 2023/07/07 v3.41 KOMA-Script scrhack part (hacking package l
istings)


Package scrhack Warning: unknown \lstlistoflistings definition found!
(scrhack)                Maybe you are using a unsupported listings version.

)
Package scrhack Info: loading setspace hack on input line 199.

(C:\Users\Ahmed\AppData\Local\Programs\MiKTeX\tex/latex/koma-script\setspace.ha
k
File: setspace.hak 2023/07/07 v3.41 KOMA-Script scrhack part (hacking package s
etspace)
))
(C:\Users\Ahmed\AppData\Local\Programs\MiKTeX\tex/latex/pdfpages\pdfpages.sty
Package: pdfpages 2024/05/29 v0.6a Insert pages of external PDF documents (AM)

(C:\Users\Ahmed\AppData\Local\Programs\MiKTeX\tex/latex/eso-pic\eso-pic.sty
Package: eso-pic 2023/05/03 v3.0c eso-pic (RN)
\ESO@tempdima=\dimen269
\ESO@tempdimb=\dimen270
)
\AM@pagewidth=\dimen271
\AM@pageheight=\dimen272
\AM@fboxrule=\dimen273

(C:\Users\Ahmed\AppData\Local\Programs\MiKTeX\tex/latex/pdfpages\pppdftex.def
File: pppdftex.def 2024/05/29 v0.6a Pdfpages driver for pdfTeX (AM)
)
\pdfpages@includegraphics@status=\count337
\AM@pagebox=\box69
\AM@global@opts=\toks39
\AM@pagecnt=\count338
\AM@toc@title=\toks40
\AM@lof@heading=\toks41
\c@AM@survey=\count339
\AM@templatesizebox=\box70
) (C:\Users\Ahmed\AppData\Local\Programs\MiKTeX\tex/latex/geometry\geometry.sty
Package: geometry 2020/01/02 v5.9 Page Geometry

(C:\Users\Ahmed\AppData\Local\Programs\MiKTeX\tex/generic/iftex\ifvtex.sty
Package: ifvtex 2019/10/25 v1.7 ifvtex legacy package. Use iftex instead.
)
\Gm@cnth=\count340
\Gm@cntv=\count341
\c@Gm@tempcnt=\count342
\Gm@bindingoffset=\dimen274
\Gm@wd@mp=\dimen275
\Gm@odd@mp=\dimen276
\Gm@even@mp=\dimen277
\Gm@layoutwidth=\dimen278
\Gm@layoutheight=\dimen279
\Gm@layouthoffset=\dimen280
\Gm@layoutvoffset=\dimen281
\Gm@dimlist=\toks42

(C:\Users\Ahmed\AppData\Local\Programs\MiKTeX\tex/latex/geometry\geometry.cfg))

Package geometry Warning: Over-specification in `h'-direction.
    `width' (483.69684pt) is ignored.


Package geometry Warning: Over-specification in `v'-direction.
    `height' (731.23582pt) is ignored.

(IdidItForTheMemes.tex)) (main.aux

LaTeX Warning: Label `fig:sysarch' multiply defined.


LaTeX Warning: Label `cd:socket.io-client' multiply defined.


LaTeX Warning: Label `cd:socket.io-client' multiply defined.


LaTeX Warning: Label `cd:socket.io-client' multiply defined.


LaTeX Warning: Label `cd:socket.io-client' multiply defined.


LaTeX Warning: Label `cd:socket.io-client' multiply defined.


LaTeX Warning: Label `cd:socket.io-client' multiply defined.


LaTeX Warning: Label `cd:socket.io-client' multiply defined.


LaTeX Warning: Label `cd:socket.io-client' multiply defined.


LaTeX Warning: Label `cd:socket.io-client' multiply defined.


LaTeX Warning: Label `cd:socket.io-client' multiply defined.


LaTeX Warning: Label `cd:socket.io-client' multiply defined.

)
\openout1 = `main.aux'.

LaTeX Font Info:    Checking defaults for OML/npxmi/m/it on input line 21.
LaTeX Font Info:    Trying to load font information for OML+npxmi on input line
 21.
 (C:\Users\Ahmed\AppData\Local\Programs\MiKTeX\tex/latex/newpx\omlnpxmi.fd
File: omlnpxmi.fd 2013/03/21 Fontinst v1.933 font definitions for OML/npxmi.
)
LaTeX Font Info:    ... okay on input line 21.
LaTeX Font Info:    Checking defaults for OMS/cmsy/m/n on input line 21.
LaTeX Font Info:    ... okay on input line 21.
LaTeX Font Info:    Checking defaults for OT1/cmr/m/n on input line 21.
LaTeX Font Info:    ... okay on input line 21.
LaTeX Font Info:    Checking defaults for T1/cmr/m/n on input line 21.
LaTeX Font Info:    ... okay on input line 21.
LaTeX Font Info:    Checking defaults for TS1/cmr/m/n on input line 21.
LaTeX Font Info:    ... okay on input line 21.
LaTeX Font Info:    Checking defaults for OMX/cmex/m/n on input line 21.
LaTeX Font Info:    ... okay on input line 21.
LaTeX Font Info:    Checking defaults for U/npxexa/m/n on input line 21.
LaTeX Font Info:    Trying to load font information for U+npxexa on input line 
21.

(C:\Users\Ahmed\AppData\Local\Programs\MiKTeX\tex/latex/newpx\unpxexa.fd
File: unpxexa.fd 2013/03/24 Fontinst v1.933 font definitions for U/npxexa.
)
LaTeX Font Info:    ... okay on input line 21.
LaTeX Font Info:    Checking defaults for PD1/pdf/m/n on input line 21.
LaTeX Font Info:    ... okay on input line 21.
LaTeX Font Info:    Checking defaults for PU/pdf/m/n on input line 21.
LaTeX Font Info:    ... okay on input line 21.
LaTeX Font Info:    Checking defaults for LMS/npxsy/m/n on input line 21.
LaTeX Font Info:    Trying to load font information for LMS+npxsy on input line
 21.

(C:\Users\Ahmed\AppData\Local\Programs\MiKTeX\tex/latex/newpx\lmsnpxsy.fd
File: lmsnpxsy.fd 2016/07/04 Fontinst v1.933 font definitions for LMS/npxsy.
)
LaTeX Font Info:    ... okay on input line 21.
LaTeX Font Info:    Checking defaults for LMX/npxexx/m/n on input line 21.
LaTeX Font Info:    Trying to load font information for LMX+npxexx on input lin
e 21.

(C:\Users\Ahmed\AppData\Local\Programs\MiKTeX\tex/latex/newpx\lmxnpxexx.fd
File: lmxnpxexx.fd 2016/07/04 Fontinst v1.933 font definitions for LMX/npxexx.
)
LaTeX Font Info:    ... okay on input line 21.
Package scrbase Info: activating english \abstractname on input line 21.
Package scrbase Info: activating english \partname on input line 21.
Package scrbase Info: activating english \chaptername on input line 21.
Package scrbase Info: activating english \appendixname on input line 21.
Package scrbase Info: activating english \figurename on input line 21.
Package scrbase Info: activating english \tablename on input line 21.
Package scrbase Info: activating english \contentsname on input line 21.
Package scrbase Info: activating english \listfigurename on input line 21.
Package scrbase Info: activating english \listtablename on input line 21.
Package scrbase Info: activating english \bibname on input line 21.
Package scrbase Info: activating english \indexname on input line 21.

(C:\Users\Ahmed\AppData\Local\Programs\MiKTeX\tex/context/base/mkii\supp-pdf.mk
ii
[Loading MPS to PDF converter (version 2006.09.02).]
\scratchcounter=\count343
\scratchdimen=\dimen282
\scratchbox=\box71
\nofMPsegments=\count344
\nofMParguments=\count345
\everyMPshowfont=\toks43
\MPscratchCnt=\count346
\MPscratchDim=\dimen283
\MPnumerator=\count347
\makeMPintoPDFobject=\count348
\everyMPtoPDFconversion=\toks44
)
(C:\Users\Ahmed\AppData\Local\Programs\MiKTeX\tex/latex/epstopdf-pkg\epstopdf-b
ase.sty
Package: epstopdf-base 2020-01-24 v2.11 Base part for package epstopdf
Package epstopdf-base Info: Redefining graphics rule for `.eps' on input line 4
85.

(C:\Users\Ahmed\AppData\Local\Programs\MiKTeX\tex/latex/00miktex\epstopdf-sys.c
fg
File: epstopdf-sys.cfg 2021/03/18 v2.0 Configuration of epstopdf for MiKTeX
))
LaTeX Info: Command `\dddot' is already robust on input line 21.
LaTeX Info: Command `\ddddot' is already robust on input line 21.
Package caption Info: Begin \AtBeginDocument code.
Package caption Info: float package is loaded.
Package caption Info: hyperref package is loaded.
Package caption Info: listings package is loaded.
Package caption Info: longtable package is loaded.

(C:\Users\Ahmed\AppData\Local\Programs\MiKTeX\tex/latex/caption\ltcaption.sty
Package: ltcaption 2021/01/08 v1.4c longtable captions (AR)
)
Package caption Info: End \AtBeginDocument code.
LaTeX Info: Redefining \microtypecontext on input line 21.
Package microtype Info: Applying patch `item' on input line 21.
Package microtype Info: Applying patch `toc' on input line 21.
Package microtype Info: Applying patch `eqnum' on input line 21.


Package microtype Warning: Unable to apply patch `footnote' on input line 21.

Package microtype Info: Applying patch `verbatim' on input line 21.
Package microtype Info: Generating PDF output.
Package microtype Info: Character protrusion enabled (level 2).
Package microtype Info: Using default protrusion set `alltext'.
Package microtype Info: Automatic font expansion enabled (level 2),
(microtype)             stretch: 20, shrink: 20, step: 1, non-selected.
Package microtype Info: Using default expansion set `alltext-nott'.
LaTeX Info: Redefining \showhyphens on input line 21.
Package microtype Info: No adjustment of tracking.
Package microtype Info: No adjustment of interword spacing.
Package microtype Info: No adjustment of character kerning.
(C:\Users\Ahmed\AppData\Local\Programs\MiKTeX\tex/latex/microtype\mt-ppl.cfg
File: mt-ppl.cfg 2005/11/16 v1.6 microtype config. file: Palatino (RS)
)
\c@lstlisting=\count349
Package tocbasic Info: setting babel extension for `lol' on input line 21.
\scr@dte@lstlisting@maxnumwidth=\skip82
Package hyperref Info: Link coloring ON on input line 21.

(main.out) (main.out)
\@outlinefile=\write3
\openout3 = `main.out'.

Class scrreprt Info: loading recommended package `bookmark'.
(scrreprt)           Using `bookmark' together with `hyperref' is recommended,
(scrreprt)           because of handling of possible bookmark level gaps.
(scrreprt)           You can avoid loading `bookmark' with KOMA-Script option
(scrreprt)           `bookmarkpackage=false' before \begin{document} and
(scrreprt)           you can avoid this message adding:
(scrreprt)             \usepackage{bookmark}
(scrreprt)           before \begin{document} on input line 21.

(C:\Users\Ahmed\AppData\Local\Programs\MiKTeX\tex/latex/bookmark\bookmark.sty
Package: bookmark 2023-12-10 v1.31 PDF bookmarks (HO)

(C:\Users\Ahmed\AppData\Local\Programs\MiKTeX\tex/latex/bookmark\bkm-pdftex.def
File: bkm-pdftex.def 2023-12-10 v1.31 bookmark driver for pdfTeX and luaTeX (HO
)
\BKM@id=\count350
))
\c@mv@tabular=\count351
\c@mv@boldtabular=\count352

(C:\Users\Ahmed\AppData\Local\Programs\MiKTeX\tex/latex/pdflscape\pdflscape.sty
Package: pdflscape 2022-10-27 v0.13 Display of landscape pages in PDF

(C:\Users\Ahmed\AppData\Local\Programs\MiKTeX\tex/latex/pdflscape\pdflscape-nom
etadata.sty
Package: pdflscape-nometadata 2022-10-28 v0.13 Display of landscape pages in PD
F (HO)

(C:\Users\Ahmed\AppData\Local\Programs\MiKTeX\tex/latex/graphics\lscape.sty
Package: lscape 2020/05/28 v3.02 Landscape Pages (DPC)
)
Package scrhack Info: loading lscape hack on input line 77.

(C:\Users\Ahmed\AppData\Local\Programs\MiKTeX\tex/latex/koma-script\lscape.hak
File: lscape.hak 2023/07/07 v3.41 KOMA-Script scrhack part (hacking package lsc
ape)
Package scrhack Info: \landscape patched to make \textheight change optional on
 input line 90.
\scrh@LT@textheight=\skip83
)
Package pdflscape Info: Auto-detected driver: pdftex on input line 81.
))
*geometry* driver: auto-detecting
*geometry* detected driver: pdftex
*geometry* verbose mode - [ preamble ] result:
* driver: pdftex
* paper: a4paper
* layout: <same size as paper>
* layoutoffset:(h,v)=(0.0pt,0.0pt)
* modes: twoside 
* h-part:(L,W,R)=(85.35826pt, 426.79135pt, 85.35826pt)
* v-part:(T,H,B)=(56.9055pt, 674.33032pt, 113.81102pt)
* \paperwidth=597.50787pt
* \paperheight=845.04684pt
* \textwidth=426.79135pt
* \textheight=674.33032pt
* \oddsidemargin=13.08827pt
* \evensidemargin=13.08827pt
* \topmargin=-60.73059pt
* \headheight=20.62096pt
* \headsep=24.74515pt
* \topskip=11.0pt
* \footskip=60.0pt
* \marginparwidth=65.797pt
* \marginparsep=12.8401pt
* \columnsep=10.0pt
* \skip\footins=10.0pt plus 4.0pt minus 2.0pt
* \hoffset=0.0pt
* \voffset=0.0pt
* \mag=1000
* \@twocolumnfalse
* \@twosidetrue
* \@mparswitchtrue
* \@reversemarginfalse
* (1in=72.27pt=25.4mm, 1cm=28.453pt)

(FrontMatter.tex (01-FrontMatter/TitlePageListOfAuthors.tex
LaTeX Font Info:    Trying to load font information for T1+RobotoSlab-TLF on in
put line 23.

(C:\Users\Ahmed\AppData\Local\Programs\MiKTeX\tex/latex/roboto\t1robotoslab-tlf
.fd
File: T1RobotoSlab-TLF.fd 2019/12/11 (autoinst) Font definitions for T1/RobotoS
lab-TLF.
)
Package microtype Info: Loading generic protrusion settings for font family
(microtype)             `RobotoSlab-TLF' (encoding: T1).
(microtype)             For optimal results, create family-specific settings.
(microtype)             See the microtype manual for details.
LaTeX Font Info:    Trying to load font information for OT1+zpltlf on input lin
e 42.
 (C:\Users\Ahmed\AppData\Local\Programs\MiKTeX\tex/latex/newpx\ot1zpltlf.fd
File: ot1zpltlf.fd 2021/05/25 v1.0 font definition file for OT1/zpl/tlf
)
LaTeX Font Info:    Font shape `OT1/zpltlf/m/n' will be
(Font)              scaled to size 10.95pt on input line 42.
LaTeX Font Info:    Font shape `OT1/zpltlf/m/n' will be
(Font)              scaled to size 8.0pt on input line 42.
LaTeX Font Info:    Font shape `OT1/zpltlf/m/n' will be
(Font)              scaled to size 6.1pt on input line 42.
LaTeX Font Info:    Trying to load font information for U+npxmia on input line 
42.
 (C:\Users\Ahmed\AppData\Local\Programs\MiKTeX\tex/latex/newpx\unpxmia.fd
File: unpxmia.fd 2013/03/24 Fontinst v1.933 font definitions for U/npxmia.
)
LaTeX Font Info:    Trying to load font information for U+npxsym on input line 
42.

(C:\Users\Ahmed\AppData\Local\Programs\MiKTeX\tex/latex/newpx\unpxsym.fd
File: unpxsym.fd 2023/08/16 Fontinst v1.933 font definitions for U/npxsym.
)
LaTeX Font Info:    Trying to load font information for U+npxsyc on input line 
42.

(C:\Users\Ahmed\AppData\Local\Programs\MiKTeX\tex/latex/newpx\unpxsyc.fd
File: unpxsyc.fd 2013/03/24 Fontinst v1.933 font definitions for U/npxsyc.
)
LaTeX Font Info:    Font shape `T1/zpltlf/m/n' will be
(Font)              scaled to size 12.0pt on input line 43.


[1



{C:/Users/Ahmed/AppData/Local/MiKTeX/fonts/map/pdftex/pdftex.map}{C:/Users/Ahme
d/AppData/Local/Programs/MiKTeX/fonts/enc/dvips/roboto/rbto_j2bk2t.enc}{C:/User
s/Ahmed/AppData/Local/Programs/MiKTeX/fonts/enc/dvips/newtx/ntx-ec-tlf.enc}]) (
01-FrontMatter/abstract.tex

[2


]
LaTeX Font Info:    Trying to load font information for T1+lmss on input line 2
.
 (C:\Users\Ahmed\AppData\Local\Programs\MiKTeX\tex/latex/lm\t1lmss.fd
File: t1lmss.fd 2015/05/01 v1.6.1 Font defs for Latin Modern
)
Package microtype Info: Loading generic protrusion settings for font family
(microtype)             `lmss' (encoding: T1).
(microtype)             For optimal results, create family-specific settings.
(microtype)             See the microtype manual for details.
LaTeX Font Info:    Font shape `T1/lmss/b/n' in size <10.95> not available
(Font)              Font shape `T1/lmss/bx/n' tried instead on input line 2.
LaTeX Font Info:    Font shape `T1/zpltlf/m/n' will be
(Font)              scaled to size 20.74pt on input line 2.
LaTeX Font Info:    Font shape `T1/zpltlf/b/n' will be
(Font)              scaled to size 20.74pt on input line 2.
)

LaTeX Font Info:    Font shape `T1/zpltlf/m/sl' will be
(Font)              scaled to size 10.95pt on input line 11.
LaTeX Font Info:    Font shape `T1/zpltlf/m/n' will be
(Font)              scaled to size 9.0pt on input line 11.
LaTeX Font Info:    Font shape `OT1/zpltlf/m/n' will be
(Font)              scaled to size 9.0pt on input line 11.
LaTeX Font Info:    Font shape `OT1/zpltlf/m/n' will be
(Font)              scaled to size 7.3pt on input line 11.
LaTeX Font Info:    Font shape `OT1/zpltlf/m/n' will be
(Font)              scaled to size 5.5pt on input line 11.
LaTeX Font Info:    Font shape `T1/zpltlf/b/n' will be
(Font)              scaled to size 10.95pt on input line 11.

Package scrlayer-scrpage Warning: \footheight to low.
(scrlayer-scrpage)                At least 100.0pt needed,
(scrlayer-scrpage)                but only 20.0pt found.
(scrlayer-scrpage)                I'll enlarge \footheight, for further
(scrlayer-scrpage)                processing, but you should do this yourself,
(scrlayer-scrpage)                e.g., using
(scrlayer-scrpage)                  \setlength{\footheight}{100.0pt}
(scrlayer-scrpage)                in your preamble.
(scrlayer-scrpage)                I'll also increase \footskip on input line 11
.

[3]

[4


] (01-FrontMatter/acknowledgement.tex)

[5


]

[6


] (01-FrontMatter/tableofcontents.tex
Package tocbasic Info: character protrusion at toc deactivated on input line 1.

 (main.toc
LaTeX Font Info:    Font shape `T1/lmss/b/n' in size <12> not available
(Font)              Font shape `T1/lmss/bx/n' tried instead on input line 6.


[7


{C:/Users/Ahmed/AppData/Local/Programs/MiKTeX/fonts/enc/dvips/lm/lm-ec.enc}]

[8]
Underfull \vbox (badness 1038) has occurred while \output is active []



[9]
Overfull \hbox (0.66791pt too wide) detected at line 146
 [][][]\T1/zpltlf/m/n/10.95 B10[][]
 []


Overfull \hbox (0.66791pt too wide) detected at line 147
 [][][]\T1/zpltlf/m/n/10.95 B10[][]
 []


Overfull \hbox (0.66791pt too wide) detected at line 148
 [][][]\T1/zpltlf/m/n/10.95 B10[][]
 []

)
\tf@toc=\write4
\openout4 = `main.toc'.

)

[10] (01-FrontMatter/listoffigures.tex
Package tocbasic Info: character protrusion at lof deactivated on input line 1.

 (main.lof
Underfull \vbox (badness 10000) has occurred while \output is active []



[11




{C:/Users/Ahmed/AppData/Local/Programs/MiKTeX/fonts/enc/dvips/newtx/ntx-ot1-tlf
.enc}])
\tf@lof=\write5
\openout5 = `main.lof'.

)

[12] (01-FrontMatter/listoftables.tex
Package tocbasic Info: character protrusion at lot deactivated on input line 1.

 (main.lot)
\tf@lot=\write6
\openout6 = `main.lot'.

)

[13




]

[14


] (01-FrontMatter/listoflistings.tex
Package tocbasic Info: character protrusion at lol deactivated on input line 1.

 (main.lol
Underfull \vbox (badness 10000) has occurred while \output is active []



[15


])
\tf@lol=\write7
\openout7 = `main.lol'.

)

[16] (01-FrontMatter/nomenclature.tex
LaTeX Font Info:    Font shape `T1/zpltlf/m/it' will be
(Font)              scaled to size 10.95pt on input line 4.
LaTeX Font Info:    Font shape `T1/zpltlf/m/n' will be
(Font)              scaled to size 17.28pt on input line 6.
)

[17




]

[18


]) (MainMatter.tex (02-MainMatter/PartI/ProjectOverview.tex
part I.
Package scrkbase Info: You've told me to use the font selection of the element
(scrkbase)             `partprefix' that is an alias of element `partnumber'
(scrkbase)              on input line 8.
LaTeX Font Info:    Font shape `T1/lmss/b/n' in size <20.74> not available
(Font)              Font shape `T1/lmss/bx/n' tried instead on input line 8.
LaTeX Font Info:    Font shape `T1/zpltlf/m/n' will be
(Font)              scaled to size 60.0pt on input line 8.


[1


]

[2]
chapter 1.
LaTeX Font Info:    Font shape `T1/zpltlf/b/n' will be
(Font)              scaled to size 60.0pt on input line 10.

Overfull \hbox (10.94998pt too wide) in paragraph at lines 10--10
[][][][][][][][] 
 []

LaTeX Font Info:    Trying to load font information for TS1+zpltlf on input lin
e 17.
(C:\Users\Ahmed\AppData\Local\Programs\MiKTeX\tex/latex/newpx\ts1zpltlf.fd
File: ts1zpltlf.fd 2021/11/24 v1.0 fd file for TS1/zpltlf
)
LaTeX Font Info:    Font shape `TS1/zpltlf/m/n' will be
(Font)              scaled to size 10.95pt on input line 17.


[3


{C:/Users/Ahmed/AppData/Local/Programs/MiKTeX/fonts/enc/dvips/newpx/zpl_TOsF.en
c}]
Overfull \hbox (5.12111pt too wide) in paragraph at lines 40--41
[]\T1/zpltlf/m/n/10.95 (-20) Possess 3 De-grees of Free-dom (DOF) to re-li-ably
 tra-verse geometrically-challenging
 []

<./Figures/Intro/Capture.PNG, id=833, 979.40906pt x 593.96906pt>
File: ./Figures/Intro/Capture.PNG Graphic file (type png)
<use ./Figures/Intro/Capture.PNG>
Package pdftex.def Info: ./Figures/Intro/Capture.PNG  used on input line 68.
(pdftex.def)             Requested size: 293.82498pt x 178.1921pt.
LaTeX Font Info:    Font shape `T1/zpltlf/b/n' will be
(Font)              scaled to size 9.0pt on input line 69.



Package scrlayer-scrpage Warning: \footheight to low.
(scrlayer-scrpage)                At least 114.34296pt needed,
(scrlayer-scrpage)                but only 100.0pt found.
(scrlayer-scrpage)                I'll enlarge \footheight, for further
(scrlayer-scrpage)                processing, but you should do this yourself,
(scrlayer-scrpage)                e.g., using
(scrlayer-scrpage)                  \setlength{\footheight}{114.34296pt}
(scrlayer-scrpage)                in your preamble.
(scrlayer-scrpage)                I'll also increase \footskip on input line 72
.

[4]
<./Figures/Intro/Capture2.PNG, id=843, 994.46532pt x 466.74374pt>
File: ./Figures/Intro/Capture2.PNG Graphic file (type png)
<use ./Figures/Intro/Capture2.PNG>
Package pdftex.def Info: ./Figures/Intro/Capture2.PNG  used on input line 78.
(pdftex.def)             Requested size: 298.34189pt x 140.0242pt.
) (02-MainMatter/PartII/Chapter01.tex

[5 <./Figures/Intro/Capture.PNG> <./Figures/Intro/Capture2.PNG>]

[6


]
part II.
Package scrkbase Info: You've told me to use the font selection of the element
(scrkbase)             `partprefix' that is an alias of element `partnumber'
(scrkbase)              on input line 1.


[7]

[8]
chapter 2.

Overfull \hbox (10.94998pt too wide) in paragraph at lines 3--3
[][][][][][][][] 
 []

LaTeX Font Info:    Font shape `T1/zpltlf/m/n' will be
(Font)              scaled to size 14.4pt on input line 14.


[9


]

[10]

[11]
<./Figures/Mech/full.jpeg, id=875, 1606.0pt x 1220.56pt>
File: ./Figures/Mech/full.jpeg Graphic file (type jpg)
<use ./Figures/Mech/full.jpeg>
Package pdftex.def Info: ./Figures/Mech/full.jpeg  used on input line 142.
(pdftex.def)             Requested size: 369.37224pt x 280.72289pt.


[12]
<./Figures/Mech/lower.jpeg, id=880, 1606.0pt x 1220.56pt>
File: ./Figures/Mech/lower.jpeg Graphic file (type jpg)
<use ./Figures/Mech/lower.jpeg>
Package pdftex.def Info: ./Figures/Mech/lower.jpeg  used on input line 149.
(pdftex.def)             Requested size: 369.37224pt x 280.72289pt.


[13 <./Figures/Mech/full.jpeg> <./Figures/Mech/lower.jpeg>]
<./Figures/Mech/side.jpeg, id=886, 1196.47pt x 787.94376pt>
File: ./Figures/Mech/side.jpeg Graphic file (type jpg)
<use ./Figures/Mech/side.jpeg>
Package pdftex.def Info: ./Figures/Mech/side.jpeg  used on input line 156.
(pdftex.def)             Requested size: 382.87822pt x 252.14716pt.
<./Figures/Mech/bacc.jpeg, id=887, 1162.3425pt x 789.95125pt>
File: ./Figures/Mech/bacc.jpeg Graphic file (type jpg)
<use ./Figures/Mech/bacc.jpeg>
Package pdftex.def Info: ./Figures/Mech/bacc.jpeg  used on input line 163.
(pdftex.def)             Requested size: 371.9572pt x 252.78955pt.


[14 <./Figures/Mech/side.jpeg> <./Figures/Mech/bacc.jpeg>])
(02-MainMatter/PartII/Chapter02.tex
chapter 3.

Overfull \hbox (10.94998pt too wide) in paragraph at lines 2--2
[][][][][][][][] 
 []



[15


]
<./Figures/HW/powerDiagram-drawio.png, id=897, 584.1825pt x 164.615pt>
File: ./Figures/HW/powerDiagram-drawio.png Graphic file (type png)
<use ./Figures/HW/powerDiagram-drawio.png>
Package pdftex.def Info: ./Figures/HW/powerDiagram-drawio.png  used on input li
ne 30.
(pdftex.def)             Requested size: 292.09053pt x 82.3073pt.


[16{C:/Users/Ahmed/AppData/Local/Programs/MiKTeX/fonts/enc/dvips/newpx/px-lms.e
nc} <./Figures/HW/powerDiagram-drawio.png>]
<./Figures/HW/cell-configs.png, id=913, 310.91156pt x 271.76532pt>
File: ./Figures/HW/cell-configs.png Graphic file (type png)
<use ./Figures/HW/cell-configs.png>
Package pdftex.def Info: ./Figures/HW/cell-configs.png  used on input line 73.
(pdftex.def)             Requested size: 155.45538pt x 135.88232pt.
<./Figures/HW/BMS-drawing.png, id=915, 472.76625pt x 382.42876pt>
File: ./Figures/HW/BMS-drawing.png Graphic file (type png)
<use ./Figures/HW/BMS-drawing.png>
Package pdftex.def Info: ./Figures/HW/BMS-drawing.png  used on input line 86.
(pdftex.def)             Requested size: 236.38254pt x 191.2139pt.


LaTeX Warning: `!h' float specifier changed to `!ht'.

<./Figures/HW/Voltage-Measurement.png, id=918, 375.65344pt x 359.84438pt>
File: ./Figures/HW/Voltage-Measurement.png Graphic file (type png)
<use ./Figures/HW/Voltage-Measurement.png>
Package pdftex.def Info: ./Figures/HW/Voltage-Measurement.png  used on input li
ne 103.
(pdftex.def)             Requested size: 187.82625pt x 179.92174pt.

LaTeX Warning: `!h' float specifier changed to `!ht'.



[17 <./Figures/HW/cell-configs.png>]
<./Figures/HW/Current-Measurement.png, id=926, 560.8453pt x 316.18124pt>
File: ./Figures/HW/Current-Measurement.png Graphic file (type png)
<use ./Figures/HW/Current-Measurement.png>
Package pdftex.def Info: ./Figures/HW/Current-Measurement.png  used on input li
ne 115.
(pdftex.def)             Requested size: 280.42197pt x 158.09023pt.


LaTeX Warning: `!h' float specifier changed to `!ht'.



[18 <./Figures/HW/BMS-drawing.png> <./Figures/HW/Voltage-Measurement.png>]
<./Figures/HW/Improved-Current-Measurement.png, id=935, 466.74374pt x 307.90031
pt>
File: ./Figures/HW/Improved-Current-Measurement.png Graphic file (type png)
<use ./Figures/HW/Improved-Current-Measurement.png>
Package pdftex.def Info: ./Figures/HW/Improved-Current-Measurement.png  used on
 input line 132.
(pdftex.def)             Requested size: 233.37129pt x 153.94977pt.
<./Figures/HW/Temperature-Measurement.png, id=936, 292.09125pt x 350.81062pt>
File: ./Figures/HW/Temperature-Measurement.png Graphic file (type png)
<use ./Figures/HW/Temperature-Measurement.png>
Package pdftex.def Info: ./Figures/HW/Temperature-Measurement.png  used on inpu
t line 141.
(pdftex.def)             Requested size: 146.04526pt x 175.40488pt.


LaTeX Warning: `!h' float specifier changed to `!ht'.



[19 <./Figures/HW/Current-Measurement.png> <./Figures/HW/Improved-Current-Measu
rement.png>]
<./Figures/HW/simulation-balance.png, id=950, 692.5875pt x 408.77719pt>
File: ./Figures/HW/simulation-balance.png Graphic file (type png)
<use ./Figures/HW/simulation-balance.png>
Package pdftex.def Info: ./Figures/HW/simulation-balance.png  used on input lin
e 157.
(pdftex.def)             Requested size: 277.03009pt x 163.50797pt.


[20 <./Figures/HW/Temperature-Measurement.png> <./Figures/HW/simulation-balance
.png>]
<./Figures/HW/results-balance.png, id=957, 1027.58907pt x 443.40656pt>
File: ./Figures/HW/results-balance.png Graphic file (type png)
<use ./Figures/HW/results-balance.png>
Package pdftex.def Info: ./Figures/HW/results-balance.png  used on input line 1
65.
(pdftex.def)             Requested size: 308.2791pt x 133.02298pt.
LaTeX Font Info:    Trying to load font information for T1+qhv on input line 17
1.

(C:\Users\Ahmed\AppData\Local\Programs\MiKTeX\tex/latex/tex-gyre\t1qhv.fd
File: t1qhv.fd 2009/09/25 v1.2 font definition file for T1/qhv
)
LaTeX Font Info:    Font shape `T1/qhv/b/n' will be
(Font)              scaled to size 10.29301pt on input line 171.
Package microtype Info: Loading generic protrusion settings for font family
(microtype)             `qhv' (encoding: T1).
(microtype)             For optimal results, create family-specific settings.
(microtype)             See the microtype manual for details.
<Figures/HW/schem-bms-1.png, id=958, 919.18407pt x 377.15906pt>
File: Figures/HW/schem-bms-1.png Graphic file (type png)
<use Figures/HW/schem-bms-1.png>
Package pdftex.def Info: Figures/HW/schem-bms-1.png  used on input line 174.
(pdftex.def)             Requested size: 137.87166pt x 56.57141pt.
<Figures/HW/schem-bms-2.png, id=959, 892.08281pt x 383.93437pt>
File: Figures/HW/schem-bms-2.png Graphic file (type png)
<use Figures/HW/schem-bms-2.png>
Package pdftex.def Info: Figures/HW/schem-bms-2.png  used on input line 181.
(pdftex.def)             Requested size: 133.80664pt x 57.58766pt.


[21{C:/Users/Ahmed/AppData/Local/Programs/MiKTeX/fonts/enc/dvips/tex-gyre/q-ec.
enc} <./Figures/HW/results-balance.png> <./Figures/HW/schem-bms-1.png> <./Figur
es/HW/schem-bms-2.png>]
<Figures/HW/schem-pwr.png, id=970, 580.41844pt x 454.69875pt>
File: Figures/HW/schem-pwr.png Graphic file (type png)
<use Figures/HW/schem-pwr.png>
Package pdftex.def Info: Figures/HW/schem-pwr.png  used on input line 189.
(pdftex.def)             Requested size: 58.04524pt x 45.47253pt.
<Figures/HW/schem-sensi-1.png, id=971, 741.52031pt x 446.41782pt>
File: Figures/HW/schem-sensi-1.png Graphic file (type png)
<use Figures/HW/schem-sensi-1.png>
Package pdftex.def Info: Figures/HW/schem-sensi-1.png  used on input line 197.
(pdftex.def)             Requested size: 74.15637pt x 44.6444pt.
<Figures/HW/schem-sensi-2.png, id=972, 740.0147pt x 223.58531pt>
File: Figures/HW/schem-sensi-2.png Graphic file (type png)
<use Figures/HW/schem-sensi-2.png>
Package pdftex.def Info: Figures/HW/schem-sensi-2.png  used on input line 204.
(pdftex.def)             Requested size: 74.0058pt x 22.35983pt.


[22 <./Figures/HW/schem-pwr.png> <./Figures/HW/schem-sensi-1.png> <./Figures/HW
/schem-sensi-2.png>]
<Figures/HW/schem-actuators.png, id=984, 891.33pt x 448.67625pt>
File: Figures/HW/schem-actuators.png Graphic file (type png)
<use Figures/HW/schem-actuators.png>
Package pdftex.def Info: Figures/HW/schem-actuators.png  used on input line 212
.
(pdftex.def)             Requested size: 89.13821pt x 44.87024pt.
<Figures/HW/schem-motor-1.png, id=985, 909.3975pt x 402.00188pt>
File: Figures/HW/schem-motor-1.png Graphic file (type png)
<use Figures/HW/schem-motor-1.png>
Package pdftex.def Info: Figures/HW/schem-motor-1.png  used on input line 220.
(pdftex.def)             Requested size: 90.94507pt x 40.20253pt.
<Figures/HW/schem-motor-2.png, id=986, 807.7678pt x 362.85562pt>
File: Figures/HW/schem-motor-2.png Graphic file (type png)
<use Figures/HW/schem-motor-2.png>
Package pdftex.def Info: Figures/HW/schem-motor-2.png  used on input line 227.
(pdftex.def)             Requested size: 80.78151pt x 36.28767pt.


[23 <./Figures/HW/schem-actuators.png> <./Figures/HW/schem-motor-1.png> <./Figu
res/HW/schem-motor-2.png>]
<Figures/HW/pcb-bms.png, id=998, 356.0803pt x 339.51843pt>
File: Figures/HW/pcb-bms.png Graphic file (type png)
<use Figures/HW/pcb-bms.png>
Package pdftex.def Info: Figures/HW/pcb-bms.png  used on input line 237.
(pdftex.def)             Requested size: 35.6101pt x 33.95383pt.
<Figures/HW/pcb-power.png, id=999, 350.81062pt x 335.75438pt>
File: Figures/HW/pcb-power.png Graphic file (type png)
<use Figures/HW/pcb-power.png>
Package pdftex.def Info: Figures/HW/pcb-power.png  used on input line 246.
(pdftex.def)             Requested size: 35.08311pt x 33.5774pt.


[24 <./Figures/HW/pcb-bms.png> <./Figures/HW/pcb-power.png>]
<Figures/HW/pcb-sensi-boi.png, id=1010, 364.36125pt x 351.56343pt>
File: Figures/HW/pcb-sensi-boi.png Graphic file (type png)
<use Figures/HW/pcb-sensi-boi.png>
Package pdftex.def Info: Figures/HW/pcb-sensi-boi.png  used on input line 255.
(pdftex.def)             Requested size: 36.43825pt x 35.1584pt.
<Figures/HW/pcb-actuator.png, id=1011, 374.14781pt x 362.10281pt>
File: Figures/HW/pcb-actuator.png Graphic file (type png)
<use Figures/HW/pcb-actuator.png>
Package pdftex.def Info: Figures/HW/pcb-actuator.png  used on input line 263.
(pdftex.def)             Requested size: 37.41696pt x 36.21239pt.


[25 <./Figures/HW/pcb-sensi-boi.png> <./Figures/HW/pcb-actuator.png>]
<Figures/HW/pcb-motor-mk-ii.png, id=1023, 576.65437pt x 408.02437pt>
File: Figures/HW/pcb-motor-mk-ii.png Graphic file (type png)
<use Figures/HW/pcb-motor-mk-ii.png>
Package pdftex.def Info: Figures/HW/pcb-motor-mk-ii.png  used on input line 271
.
(pdftex.def)             Requested size: 57.66881pt x 40.80482pt.


[26 <./Figures/HW/pcb-motor-mk-ii.png>]
chapter 4.

Overfull \hbox (10.94998pt too wide) in paragraph at lines 289--289
[][][][][][][][] 
 []



[27


]
<./Figures/Ch4/stm32.png, id=1043, 746.79pt x 475.02469pt>
File: ./Figures/Ch4/stm32.png Graphic file (type png)
<use ./Figures/Ch4/stm32.png>
Package pdftex.def Info: ./Figures/Ch4/stm32.png  used on input line 329.
(pdftex.def)             Requested size: 261.3804pt x 166.26112pt.


[28 <./Figures/Ch4/stm32.png>]
LaTeX Font Info:    Font shape `T1/zpltlf/m/n' will be
(Font)              scaled to size 8.0pt on input line 374.
LaTeX Font Info:    Font shape `T1/zpltlf/m/n' will be
(Font)              scaled to size 7.3pt on input line 374.
LaTeX Font Info:    Trying to load font information for T1+lmtt on input line 3
74.

(C:\Users\Ahmed\AppData\Local\Programs\MiKTeX\tex/latex/lm\t1lmtt.fd
File: t1lmtt.fd 2015/05/01 v1.6.1 Font defs for Latin Modern
)
Package microtype Info: Loading generic protrusion settings for font family
(microtype)             `lmtt' (encoding: T1).
(microtype)             For optimal results, create family-specific settings.
(microtype)             See the microtype manual for details.

(C:\Users\Ahmed\AppData\Local\Programs\MiKTeX\tex/latex/listings\lstlang1.sty
File: lstlang1.sty 2024/05/25 1.10b listings language file
)
(C:\Users\Ahmed\AppData\Local\Programs\MiKTeX\tex/latex/listings\lstmisc.sty
File: lstmisc.sty 2024/05/25 1.10b (Carsten Heinz)
)
(C:\Users\Ahmed\AppData\Local\Programs\MiKTeX\tex/latex/listings\lstlang1.sty
File: lstlang1.sty 2024/05/25 1.10b listings language file
)
(C:\Users\Ahmed\AppData\Local\Programs\MiKTeX\tex/latex/listings\lstmisc.sty
File: lstmisc.sty 2024/05/25 1.10b (Carsten Heinz)
)
(CodeSnippets/Sensors/Ultrasonic/ultrasonic.cpp
LaTeX Font Info:    Font shape `T1/zpltlf/m/n' will be
(Font)              scaled to size 10.0pt on input line 1.
)
(CodeSnippets/Sensors/Ultrasonic/ultrasonic.cpp)

[29] (CodeSnippets/Sensors/Ultrasonic/ultrasonic.cpp)
(CodeSnippets/Sensors/MPU6050/mpu.cpp) (CodeSnippets/Sensors/MPU6050/mpu.cpp)
(CodeSnippets/Sensors/MPU6050/mpu.cpp)

[30]

[31] (CodeSnippets/Sensors/Encoder/encoder.cpp)
(CodeSnippets/Sensors/Encoder/encoder.cpp)

[32] (CodeSnippets/Sensors/Encoder/encoder.cpp)
(CodeSnippets/Sensors/Encoder/encoder.cpp)
(CodeSnippets/Sensors/Encoder/encoder.cpp)

[33] (CodeSnippets/Sensors/Encoder/encoder.cpp)
(CodeSnippets/Sensors/PID/pid.cpp) (CodeSnippets/Sensors/PID/pid.cpp)

[34])

[35] (02-MainMatter/PartII/Chapter03.tex

[36


]
part III.
Package scrkbase Info: You've told me to use the font selection of the element
(scrkbase)             `partprefix' that is an alias of element `partnumber'
(scrkbase)              on input line 2.


[37]

[38]
chapter 5.

Overfull \hbox (10.94998pt too wide) in paragraph at lines 4--4
[][][][][][][][] 
 []



[39


] (CodeSnippets/sample-map.json

[40]) (CodeSnippets/sample-task.json)

[41]
(C:\Users\Ahmed\AppData\Local\Programs\MiKTeX\tex/latex/listings\lstlang1.sty
File: lstlang1.sty 2024/05/25 1.10b listings language file
)
(C:\Users\Ahmed\AppData\Local\Programs\MiKTeX\tex/latex/listings\lstlang1.sty
File: lstlang1.sty 2024/05/25 1.10b listings language file
)
(CodeSnippets/sync-maps-tasks.sh)
<./Figures/CentralProcessingNode/UsedToolsAndFrameworks/Ros-images/ros-arch-off
icial.jpeg, id=1364, 229.85875pt x 116.435pt>
File: ./Figures/CentralProcessingNode/UsedToolsAndFrameworks/Ros-images/ros-arc
h-official.jpeg Graphic file (type jpg)
<use ./Figures/CentralProcessingNode/UsedToolsAndFrameworks/Ros-images/ros-arch
-official.jpeg>
Package pdftex.def Info: ./Figures/CentralProcessingNode/UsedToolsAndFrameworks
/Ros-images/ros-arch-official.jpeg  used on input line 62.
(pdftex.def)             Requested size: 229.85817pt x 116.43471pt.


[42]

[43 <./Figures/CentralProcessingNode/UsedToolsAndFrameworks/Ros-images/ros-arch
-official.jpeg>]

[44]

[45]

[46


]
chapter 6.

Overfull \hbox (10.94998pt too wide) in paragraph at lines 125--125
[][][][][][][][] 
 []



[47]

LaTeX Warning: Reference `ap:d' on page 48 undefined on input line 153.


LaTeX Warning: Reference `ap:d' on page 48 undefined on input line 159.


LaTeX Warning: Reference `ap:d' on page 48 undefined on input line 163.


LaTeX Warning: Citation `vlp' on page 48 undefined on input line 167.


LaTeX Warning: Citation `indoor-vlp' on page 48 undefined on input line 167.



[48]
<Figures/HW/VLC-blk.png, id=1418, 682.55pt x 240.9pt>
File: Figures/HW/VLC-blk.png Graphic file (type png)
<use Figures/HW/VLC-blk.png>
Package pdftex.def Info: Figures/HW/VLC-blk.png  used on input line 171.
(pdftex.def)             Requested size: 341.27417pt x 120.44969pt.
<Figures/HW/BPW34.png, id=1420, 602.25pt x 351.3125pt>
File: Figures/HW/BPW34.png Graphic file (type png)
<use Figures/HW/BPW34.png>
Package pdftex.def Info: Figures/HW/BPW34.png  used on input line 180.
(pdftex.def)             Requested size: 240.89572pt x 140.5225pt.


LaTeX Warning: Citation `BPW34-datasheet' on page 49 undefined on input line 18
6.

<Figures/HW/ti-amp-buffer.png, id=1422, 537.50812pt x 279.29344pt>
File: Figures/HW/ti-amp-buffer.png Graphic file (type png)
<use Figures/HW/ti-amp-buffer.png>
Package pdftex.def Info: Figures/HW/ti-amp-buffer.png  used on input line 191.
(pdftex.def)             Requested size: 322.50735pt x 167.57735pt.


[49 <./Figures/HW/VLC-blk.png> <./Figures/HW/BPW34.png (PNG copy)>]

LaTeX Warning: Citation `op-amp-circuits' on page 50 undefined on input line 19
7.

<Figures/HW/amp-schmitt.png, id=1432, 579.66562pt x 356.83313pt>
File: Figures/HW/amp-schmitt.png Graphic file (type png)
<use Figures/HW/amp-schmitt.png>
Package pdftex.def Info: Figures/HW/amp-schmitt.png  used on input line 221.
(pdftex.def)             Requested size: 173.90102pt x 107.05075pt.

LaTeX Warning: `!h' float specifier changed to `!ht'.


LaTeX Warning: Reference `hw-amp-schmitt-sim' on page 50 undefined on input lin
e 226.


LaTeX Warning: Reference `hw-amp-schmitt-results' on page 50 undefined on input
 line 226.



[50 <./Figures/HW/ti-amp-buffer.png>]
<Figures/HW/amp-schmitt-ltspice.png, id=1438, 1028.34187pt x 361.35pt>
File: Figures/HW/amp-schmitt-ltspice.png Graphic file (type png)
<use Figures/HW/amp-schmitt-ltspice.png>
Package pdftex.def Info: Figures/HW/amp-schmitt-ltspice.png  used on input line
 230.
(pdftex.def)             Requested size: 308.50494pt x 108.40584pt.
<Figures/HW/amp-schmitt-ltspice-results.png, id=1439, 1028.34187pt x 445.665pt>

File: Figures/HW/amp-schmitt-ltspice-results.png Graphic file (type png)
<use Figures/HW/amp-schmitt-ltspice-results.png>
Package pdftex.def Info: Figures/HW/amp-schmitt-ltspice-results.png  used on in
put line 237.
(pdftex.def)             Requested size: 308.50494pt x 133.70053pt.


[51 <./Figures/HW/amp-schmitt.png> <./Figures/HW/amp-schmitt-ltspice.png> <./Fi
gures/HW/amp-schmitt-ltspice-results.png>]
<Figures/HW/schem-vlc.png, id=1447, 821.31844pt x 393.72093pt>
File: Figures/HW/schem-vlc.png Graphic file (type png)
<use Figures/HW/schem-vlc.png>
Package pdftex.def Info: Figures/HW/schem-vlc.png  used on input line 260.
(pdftex.def)             Requested size: 246.39743pt x 118.11719pt.
<Figures/HW/pcb-vlc.png, id=1448, 362.10281pt x 346.29375pt>
File: Figures/HW/pcb-vlc.png Graphic file (type png)
<use Figures/HW/pcb-vlc.png>
Package pdftex.def Info: Figures/HW/pcb-vlc.png  used on input line 268.
(pdftex.def)             Requested size: 181.05095pt x 173.14644pt.


[52 <./Figures/HW/schem-vlc.png> <./Figures/HW/pcb-vlc.png>])
(02-MainMatter/PartII/Chapter04.tex
part IV.
Package scrkbase Info: You've told me to use the font selection of the element
(scrkbase)             `partprefix' that is an alias of element `partnumber'
(scrkbase)              on input line 2.


[53


]

[54]
chapter 7.

Overfull \hbox (10.94998pt too wide) in paragraph at lines 4--4
[][][][][][][][] 
 []



[55


]

[56]

[57] (CodeSnippets/ReactRouterDom.tsx)

[58] (CodeSnippets/ReactRouterDom.tsx) (CodeSnippets/axios.tsx)

[59] (CodeSnippets/axios.tsx)

[60] (CodeSnippets/socket.io-client.tsx) (CodeSnippets/socket.io-client.tsx)
(CodeSnippets/socket.io-client.tsx)

[61] (CodeSnippets/socket.io-client.tsx)
(C:\Users\Ahmed\AppData\Local\Programs\MiKTeX\tex/latex/listings\lstlang1.sty
File: lstlang1.sty 2024/05/25 1.10b listings language file
)
(CodeSnippets/socketAPI.py) (CodeSnippets/socketAPI.py)

[62] (CodeSnippets/socketAPI.py
Overfull \hbox (16.37752pt too wide) in paragraph at lines 47--48
[][][][][][][][][][][][][][][][][][][][][][][][][][][][][][][][][][][][][][][][
][][][][] 
 []

) (CodeSnippets/socketAPI.py)

[63]

[64] (CodeSnippets/reactflow.tsx)

[65]

[66]
(C:\Users\Ahmed\AppData\Local\Programs\MiKTeX\tex/latex/listings\lstlang1.sty
File: lstlang1.sty 2024/05/25 1.10b listings language file
)
(C:\Users\Ahmed\AppData\Local\Programs\MiKTeX\tex/latex/listings\lstlang2.sty
File: lstlang2.sty 2024/05/25 1.10b listings language file
)
(CodeSnippets/middleware.php) (CodeSnippets/filewriting.php)

[67]

[68]

[69]

[70]
<Figures/WebApp/HomePage.png, id=1781, 1028.34187pt x 460.72125pt>
File: Figures/WebApp/HomePage.png Graphic file (type png)
<use Figures/WebApp/HomePage.png>
Package pdftex.def Info: Figures/WebApp/HomePage.png  used on input line 543.
(pdftex.def)             Requested size: 359.92505pt x 161.25485pt.


[71 <./Figures/WebApp/HomePage.png>]
<Figures/WebApp/Robots.png, id=1794, 1028.34187pt x 483.30562pt>
File: Figures/WebApp/Robots.png Graphic file (type png)
<use Figures/WebApp/Robots.png>
Package pdftex.def Info: Figures/WebApp/Robots.png  used on input line 554.
(pdftex.def)             Requested size: 318.78268pt x 149.8232pt.
<Figures/WebApp/createRobot.png, id=1796, 1028.34187pt x 394.47375pt>
File: Figures/WebApp/createRobot.png Graphic file (type png)
<use Figures/WebApp/createRobot.png>
Package pdftex.def Info: Figures/WebApp/createRobot.png  used on input line 564
.
(pdftex.def)             Requested size: 318.78268pt x 122.28558pt.
<Figures/WebApp/editRobot.png, id=1798, 1028.34187pt x 411.03563pt>
File: Figures/WebApp/editRobot.png Graphic file (type png)
<use Figures/WebApp/editRobot.png>
Package pdftex.def Info: Figures/WebApp/editRobot.png  used on input line 573.
(pdftex.def)             Requested size: 318.78268pt x 127.41972pt.


[72 <./Figures/WebApp/Robots.png> <./Figures/WebApp/createRobot.png> <./Figures
/WebApp/editRobot.png>]
<Figures/WebApp/mapsCreation.png, id=1807, 1027.58907pt x 483.30562pt>
File: Figures/WebApp/mapsCreation.png Graphic file (type png)
<use Figures/WebApp/mapsCreation.png>
Package pdftex.def Info: Figures/WebApp/mapsCreation.png  used on input line 58
6.
(pdftex.def)             Requested size: 411.02835pt x 193.31882pt.
<Figures/WebApp/newMap.png, id=1809, 1028.34187pt x 484.05844pt>
File: Figures/WebApp/newMap.png Graphic file (type png)
<use Figures/WebApp/newMap.png>
Package pdftex.def Info: Figures/WebApp/newMap.png  used on input line 598.
(pdftex.def)             Requested size: 411.32947pt x 193.61993pt.


[73 <./Figures/WebApp/mapsCreation.png> <./Figures/WebApp/newMap.png>]
<Figures/WebApp/editNode.png, id=1818, 1028.34187pt x 438.13687pt>
File: Figures/WebApp/editNode.png Graphic file (type png)
<use Figures/WebApp/editNode.png>
Package pdftex.def Info: Figures/WebApp/editNode.png  used on input line 609.
(pdftex.def)             Requested size: 411.32947pt x 175.25163pt.
<Figures/WebApp/editMap.png, id=1820, 1028.34187pt x 469.00218pt>
File: Figures/WebApp/editMap.png Graphic file (type png)
<use Figures/WebApp/editMap.png>
Package pdftex.def Info: Figures/WebApp/editMap.png  used on input line 619.
(pdftex.def)             Requested size: 411.32947pt x 187.59755pt.


[74 <./Figures/WebApp/editNode.png> <./Figures/WebApp/editMap.png>]
<Figures/WebApp/tasks.png, id=1828, 1028.34187pt x 440.39531pt>
File: Figures/WebApp/tasks.png Graphic file (type png)
<use Figures/WebApp/tasks.png>
Package pdftex.def Info: Figures/WebApp/tasks.png  used on input line 632.
(pdftex.def)             Requested size: 411.32947pt x 176.155pt.
<Figures/WebApp/taskCreation.png, id=1830, 1028.34187pt x 457.71pt>
File: Figures/WebApp/taskCreation.png Graphic file (type png)
<use Figures/WebApp/taskCreation.png>
Package pdftex.def Info: Figures/WebApp/taskCreation.png  used on input line 64
0.
(pdftex.def)             Requested size: 411.32947pt x 183.08075pt.


[75 <./Figures/WebApp/tasks.png> <./Figures/WebApp/taskCreation.png>]

[76


]
chapter 8.

Overfull \hbox (10.94998pt too wide) in paragraph at lines 650--650
[][][][][][][][] 
 []



[77] (CodeSnippets/ufwconfig))

[78] (02-MainMatter/PartIII/ResultsAndConclusion.tex
part V.
Package scrkbase Info: You've told me to use the font selection of the element
(scrkbase)             `partprefix' that is an alias of element `partnumber'
(scrkbase)              on input line 1.


[79


]

[80]
chapter 9.

Overfull \hbox (10.94998pt too wide) in paragraph at lines 2--2
[][][][][][][][] 
 []

(CodeSnippets/waip1.sh) (CodeSnippets/waip1.sh) (CodeSnippets/waip1.sh)

[81


] (CodeSnippets/waip1.sh) (CodeSnippets/waip1.sh

[82]) (CodeSnippets/waip1.sh) (CodeSnippets/waip1.sh
Overfull \hbox (15.31294pt too wide) in paragraph at lines 57--58
[][][][][][][][][][][][][][][][][][][] 
 []

) (CodeSnippets/waip1.sh)

[83] (CodeSnippets/waip2.sh) (CodeSnippets/waip2.sh)

[84] (CodeSnippets/inst-dash.sh) (CodeSnippets/install-ros
Overfull \hbox (2.71281pt too wide) in paragraph at lines 1--2
[][][][][][][][][][][][][]  
 []



[85]) (CodeSnippets/get-ros-scripts) (CodeSnippets/get-ros-scripts)

[86] (CodeSnippets/start-srv) (CodeSnippets/start-srv)

[87] (CodeSnippets/start-sbc)

[88] (CodeSnippets/start-sbc) (CodeSnippets/robot-low-level-w-odom.launch)

[89]
<./Figures/WebApp/sign-up.png, id=2095, 1927.2pt x 1084.05pt>
File: ./Figures/WebApp/sign-up.png Graphic file (type png)
<use ./Figures/WebApp/sign-up.png>
Package pdftex.def Info: ./Figures/WebApp/sign-up.png  used on input line 114.
(pdftex.def)             Requested size: 385.43318pt x 216.80615pt.
<./Figures/WebApp/sign-in.png, id=2096, 1927.2pt x 1084.05pt>
File: ./Figures/WebApp/sign-in.png Graphic file (type png)
<use ./Figures/WebApp/sign-in.png>
Package pdftex.def Info: ./Figures/WebApp/sign-in.png  used on input line 120.
(pdftex.def)             Requested size: 385.43318pt x 216.80615pt.


[90 <./Figures/WebApp/sign-up.png> <./Figures/WebApp/sign-in.png>]

[91]

[92


]
chapter 10.

Overfull \hbox (10.94998pt too wide) in paragraph at lines 134--134
[][][][][][][][] 
 []

)) (BackMatter.tex (main.bbl

[93]

[94


]
chapter without number


[95])

[96] (03-BackMatter/AppendixA.tex
chapter A.

Overfull \hbox (10.94998pt too wide) in paragraph at lines 1--1
[][][][][][][][] 
 []

) (03-BackMatter/AppendixB.tex

[1







]
chapter B.

Overfull \hbox (10.94998pt too wide) in paragraph at lines 2--2
[][][][][][][][] 
 []



[1



]
<./Figures/AppendixB/encoder.png, id=2175, 615.0478pt x 262.73157pt>
File: ./Figures/AppendixB/encoder.png Graphic file (type png)
<use ./Figures/AppendixB/encoder.png>
Package pdftex.def Info: ./Figures/AppendixB/encoder.png  used on input line 54
.
(pdftex.def)             Requested size: 307.52315pt x 131.36545pt.


[2]
<./Figures/AppendixB/encoder-pulses.png, id=2180, 554.82281pt x 262.73157pt>
File: ./Figures/AppendixB/encoder-pulses.png Graphic file (type png)
<use ./Figures/AppendixB/encoder-pulses.png>
Package pdftex.def Info: ./Figures/AppendixB/encoder-pulses.png  used on input 
line 66.
(pdftex.def)             Requested size: 277.41072pt x 131.36545pt.


[3 <./Figures/AppendixB/encoder.png> <./Figures/AppendixB/encoder-pulses.png>]
<./Figures/AppendixB/mpu.png, id=2185, 219.06844pt x 188.20313pt>
File: ./Figures/AppendixB/mpu.png Graphic file (type png)
<use ./Figures/AppendixB/mpu.png>
Package pdftex.def Info: ./Figures/AppendixB/mpu.png  used on input line 93.
(pdftex.def)             Requested size: 109.53394pt x 94.10132pt.
<./Figures/AppendixB/acc.png, id=2187, 204.01219pt x 195.73125pt>
File: ./Figures/AppendixB/acc.png Graphic file (type png)
<use ./Figures/AppendixB/acc.png>
Package pdftex.def Info: ./Figures/AppendixB/acc.png  used on input line 107.
(pdftex.def)             Requested size: 102.00584pt x 97.86537pt.


LaTeX Warning: `!h' float specifier changed to `!ht'.



[4 <./Figures/AppendixB/mpu.png>]
<./Figures/AppendixB/gyro.png, id=2193, 303.38344pt x 263.48438pt>
File: ./Figures/AppendixB/gyro.png Graphic file (type png)
<use ./Figures/AppendixB/gyro.png>
Package pdftex.def Info: ./Figures/AppendixB/gyro.png  used on input line 128.
(pdftex.def)             Requested size: 151.69135pt x 131.74185pt.


[5 <./Figures/AppendixB/acc.png> <./Figures/AppendixB/gyro.png>]
<./Figures/AppendixB/ulta2.png, id=2198, 297.36093pt x 231.86626pt>
File: ./Figures/AppendixB/ulta2.png Graphic file (type png)
<use ./Figures/AppendixB/ulta2.png>
Package pdftex.def Info: ./Figures/AppendixB/ulta2.png  used on input line 162.

(pdftex.def)             Requested size: 148.6801pt x 115.93283pt.

Underfull \hbox (badness 10000) in paragraph at lines 167--168

 []


Underfull \hbox (badness 10000) in paragraph at lines 172--173

 []

<./Figures/AppendixB/ultra1.png, id=2199, 463.7325pt x 414.79968pt>
File: ./Figures/AppendixB/ultra1.png Graphic file (type png)
<use ./Figures/AppendixB/ultra1.png>
Package pdftex.def Info: ./Figures/AppendixB/ultra1.png  used on input line 182
.
(pdftex.def)             Requested size: 231.86568pt x 207.39934pt.

LaTeX Warning: `!h' float specifier changed to `!ht'.



[6 <./Figures/AppendixB/ulta2.png>]
Underfull \hbox (badness 10000) in paragraph at lines 194--195

 []



[7 <./Figures/AppendixB/ultra1.png>]

[8]
LaTeX Font Info:    Font shape `T1/zpltlf/m/n' will be
(Font)              scaled to size 6.1pt on input line 252.


[9]) (03-BackMatter/AppendixC.tex

[10]
chapter C.

Overfull \hbox (10.94998pt too wide) in paragraph at lines 1--1
[][][][][][][][] 
 []

) (03-BackMatter/AppendixD.tex

[1



]
chapter D.

Overfull \hbox (10.94998pt too wide) in paragraph at lines 1--1
[][][][][][][][] 
 []

(CodeSnippets/Odometry/dead-reckoning-script.py

[1



]
Underfull \vbox (badness 10000) has occurred while \output is active []



[2]) (CodeSnippets/Odometry/inverse-kinematics.py)

[3] (CodeSnippets/Odometry/efk-launch.launch)) (03-BackMatter/Colophon.tex

[4]))

[5] (main.aux)
 ***********
LaTeX2e <2024-06-01> patch level 1
L3 programming layer <2020/03/25>
 ***********


LaTeX Warning: There were undefined references.


LaTeX Warning: There were multiply-defined labels.

Package rerunfilecheck Info: File `main.out' has not changed.
(rerunfilecheck)             Checksum: D41D8CD98F00B204E9800998ECF8427E;0.
 ) 
Here is how much of TeX's memory you used:
 33813 strings out of 473919
 617296 string characters out of 5726953
 2058908 words of memory out of 5000000
 54467 multiletter control sequences out of 15000+600000
 688447 words of font info for 266 fonts, out of 8000000 for 9000
 1141 hyphenation exceptions out of 8191
 108i,21n,123p,10901b,3549s stack positions out of 10000i,1000n,20000p,200000b,200000s

pdfTeX warning (dest): name{Hfootnote.7} has been referenced but does not exist
, replaced by a fixed one


pdfTeX warning (dest): name{Hfootnote.6} has been referenced but does not exist
, replaced by a fixed one


pdfTeX warning (dest): name{Hfootnote.5} has been referenced but does not exist
, replaced by a fixed one


pdfTeX warning (dest): name{Hfootnote.4} has been referenced but does not exist
, replaced by a fixed one


pdfTeX warning (dest): name{Hfootnote.3} has been referenced but does not exist
, replaced by a fixed one


pdfTeX warning (dest): name{Hfootnote.2} has been referenced but does not exist
, replaced by a fixed one


pdfTeX warning (dest): name{Hfootnote.1} has been referenced but does not exist
, replaced by a fixed one

<C:/Users/Ahmed/AppData/Local/Programs/MiKTeX/fonts/type1/public/newpx/NewPXMI.
pfb><C:/Users/Ahmed/AppData/Local/Programs/MiKTeX/fonts/type1/public/newpx/NewP
XMI_gnu.pfb><C:/Users/Ahmed/AppData/Local/Programs/MiKTeX/fonts/type1/google/ro
boto/RobotoSlab-Light.pfb><C:/Users/Ahmed/AppData/Local/Programs/MiKTeX/fonts/t
ype1/google/roboto/RobotoSlab-Thin.pfb><C:/Users/Ahmed/AppData/Local/Programs/M
iKTeX/fonts/type1/public/lm/lmssbx10.pfb><C:/Users/Ahmed/AppData/Local/Programs
/MiKTeX/fonts/type1/public/lm/lmtk10.pfb><C:/Users/Ahmed/AppData/Local/Programs
/MiKTeX/fonts/type1/public/lm/lmtt10.pfb><C:/Users/Ahmed/AppData/Local/Programs
/MiKTeX/fonts/type1/public/lm/lmtt9.pfb><C:/Users/Ahmed/AppData/Local/Programs/
MiKTeX/fonts/type1/public/lm/lmtti10.pfb><C:/Users/Ahmed/AppData/Local/Programs
/MiKTeX/fonts/type1/public/newpx/pxmiaX.pfb><C:/Users/Ahmed/AppData/Local/Progr
ams/MiKTeX/fonts/type1/public/newpx/pxsys.pfb><C:/Users/Ahmed/AppData/Local/Pro
grams/MiKTeX/fonts/type1/public/tex-gyre/qhvb.pfb><C:/Users/Ahmed/AppData/Local
/Programs/MiKTeX/fonts/type1/public/newtx/txexs.pfb><C:/Users/Ahmed/AppData/Loc
al/Programs/MiKTeX/fonts/type1/public/newpx/zplb.pfb><C:/Users/Ahmed/AppData/Lo
cal/Programs/MiKTeX/fonts/type1/public/newpx/zplr.pfb><C:/Users/Ahmed/AppData/L
ocal/Programs/MiKTeX/fonts/type1/public/newpx/zplri.pfb>
Output written on main.pdf (131 pages, 8432022 bytes).
PDF statistics:
 3089 PDF objects out of 3580 (max. 8388607)
 1190 named destinations out of 1200 (max. 500000)
 64294 words of extra memory for PDF output out of 74296 (max. 10000000)

